2024-12-03 02:57:05.769 | INFO     | scripts.train_CUB:train_val:48 - config: {'seed': 60, 'm': 16, 'alpha': 1, 'beta': 1.0, 'beta2': 0.01, 'mome': 0.9, 'epoch_change': 9, 'sigma': 1.0, 'gamma': 20.0, 'lambda': 0.0001, 'mu': 1, 'nu': 1, 'eta': 55, 'dcc_iter': 10, 'optimizer': {'type': <class 'torch.optim.rmsprop.RMSprop'>, 'optim_param': {'lr': 1e-05, 'weight_decay': 1e-05}}, 'resize_size': 256, 'crop_size': 224, 'batch_size': 64, 'net': <class 'model.Net.MoCo'>, 'dataset': 'ip102', 'without_BN': False, 'epoch': 1000, 'test_map': 3, 'stop_iter': 20, 'device': device(type='cuda'), 'n_gpu': 1, 'bit_list': [16, 32, 64], 'max_norm': 5.0, 'T': 0.001, 'resnet_url': '../../Pretrain/resnet50-19c8e357.pth', 'url': '../../Pretrain/moco_v2_800ep_pretrain.pth', 'txt_path': '../../data/glove/glove.6B.50d.txt', 'label_size': 100, 'update_center': False, 'topk': -1, 'n_class': 102, 'data_path': '../../data/ip102_v1.1/images/', 'data': {'train_set': {'list_path': './data/ip102/train.txt', 'batch_size': 64}, 'test_set': {'list_path': './data/ip102/test.txt', 'batch_size': 64}, 'database': {'list_path': './data/ip102/train.txt', 'batch_size': 64}}, 'order_seed': 80, 'center_path': './centerswithoutVar/CSQ_init_True_102_64.npy', 'CSQ_center': './CSQcenters/CSQ_102_64.npy', 'remarks': 'Ours', 'save_path': './results/ip102/Ours', 'save_center': './results/ip102/Ours/ours_64.npy', 'info': '[Ours]', 'loss_way': 'Ours', 'num_train': 45095}
2024-12-03 02:57:05.769 | INFO     | scripts.train_CUB:train_val:53 - [Ours] 1/1000 02:57:05 bits: 64 dataset: ip102 loss way: Ours training...
2024-12-03 02:59:52.322 | INFO     | scripts.train_CUB:train_val:81 - train loss: 0.031033082570590027, center loss: 21.858455834910274, pair loss: 0
2024-12-03 02:59:52.323 | INFO     | scripts.train_CUB:train_val:53 - [Ours] 2/1000 02:59:52 bits: 64 dataset: ip102 loss way: Ours training...
2024-12-03 03:02:38.865 | INFO     | scripts.train_CUB:train_val:81 - train loss: 0.02314130096095251, center loss: 16.294746700674295, pair loss: 0
2024-12-03 03:02:38.865 | INFO     | scripts.train_CUB:train_val:53 - [Ours] 3/1000 03:02:38 bits: 64 dataset: ip102 loss way: Ours training...
2024-12-03 03:05:25.583 | INFO     | scripts.train_CUB:train_val:81 - train loss: 0.019865064770775907, center loss: 13.985189924016595, pair loss: 0
2024-12-03 03:07:57.829 | INFO     | scripts.train_CUB:train_val:97 - save in ./results/ip102/Ours
2024-12-03 03:07:57.829 | INFO     | scripts.train_CUB:train_val:107 - [Ours] 3/1000 03:02:38 bits: 64 dataset: ip102 Best mAP: 0.49580115069232356, current mAP: 0.49580115069232356
2024-12-03 03:07:57.830 | INFO     | scripts.train_CUB:train_val:53 - [Ours] 4/1000 03:07:57 bits: 64 dataset: ip102 loss way: Ours training...
2024-12-03 03:10:44.232 | INFO     | scripts.train_CUB:train_val:81 - train loss: 0.01758916450017099, center loss: 12.380770574323833, pair loss: 0
2024-12-03 03:10:44.233 | INFO     | scripts.train_CUB:train_val:53 - [Ours] 5/1000 03:10:44 bits: 64 dataset: ip102 loss way: Ours training...
2024-12-03 03:13:30.703 | INFO     | scripts.train_CUB:train_val:81 - train loss: 0.01580473862931872, center loss: 11.122883398085833, pair loss: 0
2024-12-03 03:13:30.704 | INFO     | scripts.train_CUB:train_val:53 - [Ours] 6/1000 03:13:30 bits: 64 dataset: ip102 loss way: Ours training...
2024-12-03 03:16:17.447 | INFO     | scripts.train_CUB:train_val:81 - train loss: 0.014293584284366022, center loss: 10.057713749818504, pair loss: 0
2024-12-03 03:18:49.409 | INFO     | scripts.train_CUB:train_val:97 - save in ./results/ip102/Ours
2024-12-03 03:18:49.409 | INFO     | scripts.train_CUB:train_val:107 - [Ours] 6/1000 03:13:30 bits: 64 dataset: ip102 Best mAP: 0.5833040874106544, current mAP: 0.5833040874106544
2024-12-03 03:18:49.410 | INFO     | scripts.train_CUB:train_val:53 - [Ours] 7/1000 03:18:49 bits: 64 dataset: ip102 loss way: Ours training...
2024-12-03 03:21:35.849 | INFO     | scripts.train_CUB:train_val:81 - train loss: 0.01313365157561522, center loss: 9.240175909828395, pair loss: 0
2024-12-03 03:21:35.850 | INFO     | scripts.train_CUB:train_val:53 - [Ours] 8/1000 03:21:35 bits: 64 dataset: ip102 loss way: Ours training...
2024-12-03 03:24:22.560 | INFO     | scripts.train_CUB:train_val:81 - train loss: 0.011987110554960602, center loss: 8.432069052942097, pair loss: 0
2024-12-03 03:24:22.560 | INFO     | scripts.train_CUB:train_val:53 - [Ours] 9/1000 03:24:22 bits: 64 dataset: ip102 loss way: Ours training...
2024-12-03 03:27:09.256 | INFO     | scripts.train_CUB:train_val:81 - train loss: 0.011074477664016662, center loss: 7.78884584736079, pair loss: 0
2024-12-03 03:29:40.579 | INFO     | scripts.train_CUB:train_val:97 - save in ./results/ip102/Ours
2024-12-03 03:29:40.580 | INFO     | scripts.train_CUB:train_val:107 - [Ours] 9/1000 03:24:22 bits: 64 dataset: ip102 Best mAP: 0.6459885461594244, current mAP: 0.6459885461594244
2024-12-03 03:29:40.580 | INFO     | scripts.train_CUB:train_val:53 - [Ours] 10/1000 03:29:40 bits: 64 dataset: ip102 loss way: Ours training...
2024-12-03 03:32:27.623 | INFO     | scripts.train_CUB:train_val:81 - train loss: 0.7725662834255408, center loss: 8.649427850730717, pair loss: 535.9906658530235
2024-12-03 03:32:27.623 | INFO     | scripts.train_CUB:train_val:53 - [Ours] 11/1000 03:32:27 bits: 64 dataset: ip102 loss way: Ours training...
2024-12-03 03:35:14.442 | INFO     | scripts.train_CUB:train_val:81 - train loss: 0.755036636700867, center loss: 8.403275184798986, pair loss: 523.8785242438316
2024-12-03 03:35:14.442 | INFO     | scripts.train_CUB:train_val:53 - [Ours] 12/1000 03:35:14 bits: 64 dataset: ip102 loss way: Ours training...
2024-12-03 03:38:01.500 | INFO     | scripts.train_CUB:train_val:81 - train loss: 0.7479202595162899, center loss: 8.211690920870751, pair loss: 519.053255200386
2024-12-03 03:40:31.243 | INFO     | scripts.train_CUB:train_val:107 - [Ours] 12/1000 03:35:14 bits: 64 dataset: ip102 Best mAP: 0.6459885461594244, current mAP: 0.6298294085782208
2024-12-03 03:40:31.243 | INFO     | scripts.train_CUB:train_val:53 - [Ours] 13/1000 03:40:31 bits: 64 dataset: ip102 loss way: Ours training...
2024-12-03 03:43:18.202 | INFO     | scripts.train_CUB:train_val:81 - train loss: 0.7430477048488373, center loss: 7.947900792583823, pair loss: 515.8821014761925
2024-12-03 03:43:18.202 | INFO     | scripts.train_CUB:train_val:53 - [Ours] 14/1000 03:43:18 bits: 64 dataset: ip102 loss way: Ours training...
2024-12-03 03:46:05.209 | INFO     | scripts.train_CUB:train_val:81 - train loss: 0.7387327292286758, center loss: 7.641112710814923, pair loss: 513.1469011306763
2024-12-03 03:46:05.210 | INFO     | scripts.train_CUB:train_val:53 - [Ours] 15/1000 03:46:05 bits: 64 dataset: ip102 loss way: Ours training...
2024-12-03 03:48:52.240 | INFO     | scripts.train_CUB:train_val:81 - train loss: 0.7360787920918025, center loss: 7.415925050154328, pair loss: 511.5012119412422
2024-12-03 03:51:20.777 | INFO     | scripts.train_CUB:train_val:97 - save in ./results/ip102/Ours
2024-12-03 03:51:20.777 | INFO     | scripts.train_CUB:train_val:107 - [Ours] 15/1000 03:46:05 bits: 64 dataset: ip102 Best mAP: 0.6502473573511315, current mAP: 0.6502473573511315
2024-12-03 03:51:20.778 | INFO     | scripts.train_CUB:train_val:53 - [Ours] 16/1000 03:51:20 bits: 64 dataset: ip102 loss way: Ours training...
2024-12-03 03:54:07.691 | INFO     | scripts.train_CUB:train_val:81 - train loss: 0.73274473797345, center loss: 7.099487348925322, pair loss: 509.4673406481743
2024-12-03 03:54:07.692 | INFO     | scripts.train_CUB:train_val:53 - [Ours] 17/1000 03:54:07 bits: 64 dataset: ip102 loss way: Ours training...
2024-12-03 03:56:54.657 | INFO     | scripts.train_CUB:train_val:81 - train loss: 0.7306518099832197, center loss: 6.913274238817394, pair loss: 508.178160905838
2024-12-03 03:56:54.658 | INFO     | scripts.train_CUB:train_val:53 - [Ours] 18/1000 03:56:54 bits: 64 dataset: ip102 loss way: Ours training...
2024-12-03 03:59:41.576 | INFO     | scripts.train_CUB:train_val:81 - train loss: 0.7287185160826284, center loss: 6.672727885656059, pair loss: 507.0558475255966
2024-12-03 04:02:11.079 | INFO     | scripts.train_CUB:train_val:107 - [Ours] 18/1000 03:56:54 bits: 64 dataset: ip102 Best mAP: 0.6502473573511315, current mAP: 0.6449339293261098
2024-12-03 04:02:11.079 | INFO     | scripts.train_CUB:train_val:53 - [Ours] 19/1000 04:02:11 bits: 64 dataset: ip102 loss way: Ours training...
2024-12-03 04:04:58.012 | INFO     | scripts.train_CUB:train_val:81 - train loss: 0.7274692149872476, center loss: 6.467218444682658, pair loss: 506.3806647658348
2024-12-03 04:04:58.012 | INFO     | scripts.train_CUB:train_val:53 - [Ours] 20/1000 04:04:58 bits: 64 dataset: ip102 loss way: Ours training...
2024-12-03 04:07:45.032 | INFO     | scripts.train_CUB:train_val:81 - train loss: 0.7256620358068047, center loss: 6.222974073141813, pair loss: 505.3510943055153
2024-12-03 04:07:45.033 | INFO     | scripts.train_CUB:train_val:53 - [Ours] 21/1000 04:07:45 bits: 64 dataset: ip102 loss way: Ours training...
2024-12-03 04:10:31.912 | INFO     | scripts.train_CUB:train_val:81 - train loss: 0.7239361691136732, center loss: 6.019153891131282, pair loss: 504.3382874727249
2024-12-03 04:12:59.038 | INFO     | scripts.train_CUB:train_val:97 - save in ./results/ip102/Ours
2024-12-03 04:12:59.038 | INFO     | scripts.train_CUB:train_val:107 - [Ours] 21/1000 04:07:45 bits: 64 dataset: ip102 Best mAP: 0.6812158252873044, current mAP: 0.6812158252873044
2024-12-03 04:12:59.038 | INFO     | scripts.train_CUB:train_val:53 - [Ours] 22/1000 04:12:59 bits: 64 dataset: ip102 loss way: Ours training...
2024-12-03 04:15:45.858 | INFO     | scripts.train_CUB:train_val:81 - train loss: 0.7229602733402387, center loss: 5.859415841056034, pair loss: 503.8100697994232
2024-12-03 04:15:45.858 | INFO     | scripts.train_CUB:train_val:53 - [Ours] 23/1000 04:15:45 bits: 64 dataset: ip102 loss way: Ours training...
2024-12-03 04:18:32.854 | INFO     | scripts.train_CUB:train_val:81 - train loss: 0.7220455931433549, center loss: 5.663034077733755, pair loss: 503.3617208003998
2024-12-03 04:18:32.855 | INFO     | scripts.train_CUB:train_val:53 - [Ours] 24/1000 04:18:32 bits: 64 dataset: ip102 loss way: Ours training...
2024-12-03 04:21:19.957 | INFO     | scripts.train_CUB:train_val:81 - train loss: 0.7205841635135894, center loss: 5.46035945834592, pair loss: 502.5342360138893
2024-12-03 04:23:47.200 | INFO     | scripts.train_CUB:train_val:97 - save in ./results/ip102/Ours
2024-12-03 04:23:47.201 | INFO     | scripts.train_CUB:train_val:107 - [Ours] 24/1000 04:18:32 bits: 64 dataset: ip102 Best mAP: 0.6911259052266322, current mAP: 0.6911259052266322
2024-12-03 04:23:47.201 | INFO     | scripts.train_CUB:train_val:53 - [Ours] 25/1000 04:23:47 bits: 64 dataset: ip102 loss way: Ours training...
2024-12-03 04:26:34.095 | INFO     | scripts.train_CUB:train_val:81 - train loss: 0.7195070976906635, center loss: 5.31415795488283, pair loss: 501.92119681835175
2024-12-03 04:26:34.095 | INFO     | scripts.train_CUB:train_val:53 - [Ours] 26/1000 04:26:34 bits: 64 dataset: ip102 loss way: Ours training...
2024-12-03 04:29:20.909 | INFO     | scripts.train_CUB:train_val:81 - train loss: 0.7187491048312357, center loss: 5.151773242279887, pair loss: 501.5493041276932
2024-12-03 04:29:20.909 | INFO     | scripts.train_CUB:train_val:53 - [Ours] 27/1000 04:29:20 bits: 64 dataset: ip102 loss way: Ours training...
2024-12-03 04:32:07.806 | INFO     | scripts.train_CUB:train_val:81 - train loss: 0.7179052915133483, center loss: 5.023812726838514, pair loss: 501.0825141072273
2024-12-03 04:34:34.016 | INFO     | scripts.train_CUB:train_val:97 - save in ./results/ip102/Ours
2024-12-03 04:34:34.016 | INFO     | scripts.train_CUB:train_val:107 - [Ours] 27/1000 04:29:20 bits: 64 dataset: ip102 Best mAP: 0.7017615417757255, current mAP: 0.7017615417757255
2024-12-03 04:34:34.017 | INFO     | scripts.train_CUB:train_val:53 - [Ours] 28/1000 04:34:34 bits: 64 dataset: ip102 loss way: Ours training...
2024-12-03 04:37:21.021 | INFO     | scripts.train_CUB:train_val:81 - train loss: 0.7171698802751852, center loss: 4.867120784707367, pair loss: 500.72082632780075
2024-12-03 04:37:21.022 | INFO     | scripts.train_CUB:train_val:53 - [Ours] 29/1000 04:37:21 bits: 64 dataset: ip102 loss way: Ours training...
2024-12-03 04:40:07.953 | INFO     | scripts.train_CUB:train_val:81 - train loss: 0.7167195179783706, center loss: 4.787117768777534, pair loss: 500.4834426641464
2024-12-03 04:40:07.954 | INFO     | scripts.train_CUB:train_val:53 - [Ours] 30/1000 04:40:07 bits: 64 dataset: ip102 loss way: Ours training...
2024-12-03 04:42:54.990 | INFO     | scripts.train_CUB:train_val:81 - train loss: 0.7159181916121895, center loss: 4.627792030340061, pair loss: 500.07798182964325
2024-12-03 04:45:21.316 | INFO     | scripts.train_CUB:train_val:97 - save in ./results/ip102/Ours
2024-12-03 04:45:21.317 | INFO     | scripts.train_CUB:train_val:107 - [Ours] 30/1000 04:40:07 bits: 64 dataset: ip102 Best mAP: 0.708011357644591, current mAP: 0.708011357644591
2024-12-03 04:45:21.317 | INFO     | scripts.train_CUB:train_val:53 - [Ours] 31/1000 04:45:21 bits: 64 dataset: ip102 loss way: Ours training...
2024-12-03 04:48:08.170 | INFO     | scripts.train_CUB:train_val:81 - train loss: 0.7156618924851114, center loss: 4.589536484796554, pair loss: 499.93556159734726
2024-12-03 04:48:08.171 | INFO     | scripts.train_CUB:train_val:53 - [Ours] 32/1000 04:48:08 bits: 64 dataset: ip102 loss way: Ours training...
2024-12-03 04:50:55.143 | INFO     | scripts.train_CUB:train_val:81 - train loss: 0.7151638879843637, center loss: 4.448050795355812, pair loss: 499.72604846954346
2024-12-03 04:50:55.144 | INFO     | scripts.train_CUB:train_val:53 - [Ours] 33/1000 04:50:55 bits: 64 dataset: ip102 loss way: Ours training...
2024-12-03 04:53:42.134 | INFO     | scripts.train_CUB:train_val:81 - train loss: 0.7143678942470686, center loss: 4.343358949525282, pair loss: 499.26969987154007
2024-12-03 04:56:08.479 | INFO     | scripts.train_CUB:train_val:97 - save in ./results/ip102/Ours
2024-12-03 04:56:08.479 | INFO     | scripts.train_CUB:train_val:107 - [Ours] 33/1000 04:50:55 bits: 64 dataset: ip102 Best mAP: 0.711654820026745, current mAP: 0.711654820026745
2024-12-03 04:56:08.479 | INFO     | scripts.train_CUB:train_val:53 - [Ours] 34/1000 04:56:08 bits: 64 dataset: ip102 loss way: Ours training...
2024-12-03 04:58:55.289 | INFO     | scripts.train_CUB:train_val:81 - train loss: 0.713951106612564, center loss: 4.251525731291622, pair loss: 499.06783097982407
2024-12-03 04:58:55.289 | INFO     | scripts.train_CUB:train_val:53 - [Ours] 35/1000 04:58:55 bits: 64 dataset: ip102 loss way: Ours training...
2024-12-03 05:01:42.220 | INFO     | scripts.train_CUB:train_val:81 - train loss: 0.713726583862981, center loss: 4.188518057810143, pair loss: 498.97264724969864
2024-12-03 05:01:42.221 | INFO     | scripts.train_CUB:train_val:53 - [Ours] 36/1000 05:01:42 bits: 64 dataset: ip102 loss way: Ours training...
2024-12-03 05:04:29.099 | INFO     | scripts.train_CUB:train_val:81 - train loss: 0.7132270221169114, center loss: 4.12813079287298, pair loss: 498.6808995604515
2024-12-03 05:06:54.950 | INFO     | scripts.train_CUB:train_val:97 - save in ./results/ip102/Ours
2024-12-03 05:06:54.950 | INFO     | scripts.train_CUB:train_val:107 - [Ours] 36/1000 05:01:42 bits: 64 dataset: ip102 Best mAP: 0.7133669166696075, current mAP: 0.7133669166696075
2024-12-03 05:06:54.950 | INFO     | scripts.train_CUB:train_val:53 - [Ours] 37/1000 05:06:54 bits: 64 dataset: ip102 loss way: Ours training...
2024-12-03 05:09:41.928 | INFO     | scripts.train_CUB:train_val:81 - train loss: 0.7127123828475357, center loss: 3.997365500545129, pair loss: 498.44887483119965
2024-12-03 05:09:41.929 | INFO     | scripts.train_CUB:train_val:53 - [Ours] 38/1000 05:09:41 bits: 64 dataset: ip102 loss way: Ours training...
2024-12-03 05:12:29.007 | INFO     | scripts.train_CUB:train_val:81 - train loss: 0.7125965591018082, center loss: 3.9482445679605007, pair loss: 498.41642141342163
2024-12-03 05:12:29.008 | INFO     | scripts.train_CUB:train_val:53 - [Ours] 39/1000 05:12:29 bits: 64 dataset: ip102 loss way: Ours training...
2024-12-03 05:15:16.077 | INFO     | scripts.train_CUB:train_val:81 - train loss: 0.7121817887252104, center loss: 3.88758485740982, pair loss: 498.18478232622147
2024-12-03 05:17:41.569 | INFO     | scripts.train_CUB:train_val:97 - save in ./results/ip102/Ours
2024-12-03 05:17:41.570 | INFO     | scripts.train_CUB:train_val:107 - [Ours] 39/1000 05:12:29 bits: 64 dataset: ip102 Best mAP: 0.7208954801697297, current mAP: 0.7208954801697297
2024-12-03 05:17:41.570 | INFO     | scripts.train_CUB:train_val:53 - [Ours] 40/1000 05:17:41 bits: 64 dataset: ip102 loss way: Ours training...
2024-12-03 05:20:28.584 | INFO     | scripts.train_CUB:train_val:81 - train loss: 0.7114629140982391, center loss: 3.7629392743110657, pair loss: 497.80270034074783
2024-12-03 05:20:28.584 | INFO     | scripts.train_CUB:train_val:53 - [Ours] 41/1000 05:20:28 bits: 64 dataset: ip102 loss way: Ours training...
2024-12-03 05:23:15.463 | INFO     | scripts.train_CUB:train_val:81 - train loss: 0.7112891071231653, center loss: 3.72800753521733, pair loss: 497.7151888012886
2024-12-03 05:23:15.463 | INFO     | scripts.train_CUB:train_val:53 - [Ours] 42/1000 05:23:15 bits: 64 dataset: ip102 loss way: Ours training...
2024-12-03 05:26:02.465 | INFO     | scripts.train_CUB:train_val:81 - train loss: 0.7112721378921617, center loss: 3.6719764701556414, pair loss: 497.759305536747
2024-12-03 05:28:29.281 | INFO     | scripts.train_CUB:train_val:97 - save in ./results/ip102/Ours
2024-12-03 05:28:29.282 | INFO     | scripts.train_CUB:train_val:107 - [Ours] 42/1000 05:23:15 bits: 64 dataset: ip102 Best mAP: 0.7243305987903301, current mAP: 0.7243305987903301
2024-12-03 05:28:29.282 | INFO     | scripts.train_CUB:train_val:53 - [Ours] 43/1000 05:28:29 bits: 64 dataset: ip102 loss way: Ours training...
2024-12-03 05:31:16.229 | INFO     | scripts.train_CUB:train_val:81 - train loss: 0.7108479903099385, center loss: 3.585586740169674, pair loss: 497.54674553871155
2024-12-03 05:31:16.229 | INFO     | scripts.train_CUB:train_val:53 - [Ours] 44/1000 05:31:16 bits: 64 dataset: ip102 loss way: Ours training...
2024-12-03 05:34:03.078 | INFO     | scripts.train_CUB:train_val:81 - train loss: 0.7104434540085759, center loss: 3.5332876357715577, pair loss: 497.31399261951447
2024-12-03 05:34:03.078 | INFO     | scripts.train_CUB:train_val:53 - [Ours] 45/1000 05:34:03 bits: 64 dataset: ip102 loss way: Ours training...
2024-12-03 05:36:50.369 | INFO     | scripts.train_CUB:train_val:81 - train loss: 0.7102112803053349, center loss: 3.4655338439624757, pair loss: 497.2180776000023
2024-12-03 05:39:15.713 | INFO     | scripts.train_CUB:train_val:97 - save in ./results/ip102/Ours
2024-12-03 05:39:15.713 | INFO     | scripts.train_CUB:train_val:107 - [Ours] 45/1000 05:34:03 bits: 64 dataset: ip102 Best mAP: 0.7264503725937349, current mAP: 0.7264503725937349
2024-12-03 05:39:15.713 | INFO     | scripts.train_CUB:train_val:53 - [Ours] 46/1000 05:39:15 bits: 64 dataset: ip102 loss way: Ours training...
2024-12-03 05:42:02.439 | INFO     | scripts.train_CUB:train_val:81 - train loss: 0.7100224586243326, center loss: 3.4265114252921194, pair loss: 497.1240665912628
2024-12-03 05:42:02.440 | INFO     | scripts.train_CUB:train_val:53 - [Ours] 47/1000 05:42:02 bits: 64 dataset: ip102 loss way: Ours training...
2024-12-03 05:44:49.497 | INFO     | scripts.train_CUB:train_val:81 - train loss: 0.7098850546153724, center loss: 3.376322482363321, pair loss: 497.0774856209755
2024-12-03 05:44:49.498 | INFO     | scripts.train_CUB:train_val:53 - [Ours] 48/1000 05:44:49 bits: 64 dataset: ip102 loss way: Ours training...
2024-12-03 05:47:36.464 | INFO     | scripts.train_CUB:train_val:81 - train loss: 0.709531790567628, center loss: 3.363100684247911, pair loss: 496.8417259454727
2024-12-03 05:50:01.732 | INFO     | scripts.train_CUB:train_val:97 - save in ./results/ip102/Ours
2024-12-03 05:50:01.732 | INFO     | scripts.train_CUB:train_val:107 - [Ours] 48/1000 05:44:49 bits: 64 dataset: ip102 Best mAP: 0.7268768537420304, current mAP: 0.7268768537420304
2024-12-03 05:50:01.732 | INFO     | scripts.train_CUB:train_val:53 - [Ours] 49/1000 05:50:01 bits: 64 dataset: ip102 loss way: Ours training...
2024-12-03 05:52:48.665 | INFO     | scripts.train_CUB:train_val:81 - train loss: 0.7090956310008435, center loss: 3.2663788015488535, pair loss: 496.631066262722
2024-12-03 05:52:48.665 | INFO     | scripts.train_CUB:train_val:53 - [Ours] 50/1000 05:52:48 bits: 64 dataset: ip102 loss way: Ours training...
2024-12-03 05:55:35.832 | INFO     | scripts.train_CUB:train_val:81 - train loss: 0.7088701998088377, center loss: 3.210410565370694, pair loss: 496.52809727191925
2024-12-03 05:55:35.832 | INFO     | scripts.train_CUB:train_val:53 - [Ours] 51/1000 05:55:35 bits: 64 dataset: ip102 loss way: Ours training...
2024-12-03 05:58:22.723 | INFO     | scripts.train_CUB:train_val:81 - train loss: 0.7086952749719011, center loss: 3.154456025105901, pair loss: 496.4607966542244
2024-12-03 06:00:47.702 | INFO     | scripts.train_CUB:train_val:97 - save in ./results/ip102/Ours
2024-12-03 06:00:47.703 | INFO     | scripts.train_CUB:train_val:107 - [Ours] 51/1000 05:55:35 bits: 64 dataset: ip102 Best mAP: 0.729445083801859, current mAP: 0.729445083801859
2024-12-03 06:00:47.703 | INFO     | scripts.train_CUB:train_val:53 - [Ours] 52/1000 06:00:47 bits: 64 dataset: ip102 loss way: Ours training...
2024-12-03 06:03:34.668 | INFO     | scripts.train_CUB:train_val:81 - train loss: 0.7087710945318777, center loss: 3.1350070785265416, pair loss: 496.5337847471237
2024-12-03 06:03:34.668 | INFO     | scripts.train_CUB:train_val:53 - [Ours] 53/1000 06:03:34 bits: 64 dataset: ip102 loss way: Ours training...
2024-12-03 06:06:21.660 | INFO     | scripts.train_CUB:train_val:81 - train loss: 0.7088698827628548, center loss: 3.1224108731839806, pair loss: 496.61607670783997
2024-12-03 06:06:21.660 | INFO     | scripts.train_CUB:train_val:53 - [Ours] 54/1000 06:06:21 bits: 64 dataset: ip102 loss way: Ours training...
2024-12-03 06:09:08.594 | INFO     | scripts.train_CUB:train_val:81 - train loss: 0.7084008993831932, center loss: 3.048930557211861, pair loss: 496.3590285181999
2024-12-03 06:11:33.242 | INFO     | scripts.train_CUB:train_val:97 - save in ./results/ip102/Ours
2024-12-03 06:11:33.242 | INFO     | scripts.train_CUB:train_val:107 - [Ours] 54/1000 06:06:21 bits: 64 dataset: ip102 Best mAP: 0.7313306739079218, current mAP: 0.7313306739079218
2024-12-03 06:11:33.242 | INFO     | scripts.train_CUB:train_val:53 - [Ours] 55/1000 06:11:33 bits: 64 dataset: ip102 loss way: Ours training...
2024-12-03 06:14:20.352 | INFO     | scripts.train_CUB:train_val:81 - train loss: 0.7080416212690638, center loss: 2.997248768573627, pair loss: 496.15750682353973
2024-12-03 06:14:20.353 | INFO     | scripts.train_CUB:train_val:53 - [Ours] 56/1000 06:14:20 bits: 64 dataset: ip102 loss way: Ours training...
2024-12-03 06:17:07.174 | INFO     | scripts.train_CUB:train_val:81 - train loss: 0.7079854257563327, center loss: 2.995241993921809, pair loss: 496.1199185848236
2024-12-03 06:17:07.174 | INFO     | scripts.train_CUB:train_val:53 - [Ours] 57/1000 06:17:07 bits: 64 dataset: ip102 loss way: Ours training...
2024-12-03 06:19:54.255 | INFO     | scripts.train_CUB:train_val:81 - train loss: 0.7078220456204516, center loss: 2.9338265019468963, pair loss: 496.0662382245064
2024-12-03 06:22:18.677 | INFO     | scripts.train_CUB:train_val:97 - save in ./results/ip102/Ours
2024-12-03 06:22:18.677 | INFO     | scripts.train_CUB:train_val:107 - [Ours] 57/1000 06:17:07 bits: 64 dataset: ip102 Best mAP: 0.7319841775560958, current mAP: 0.7319841775560958
2024-12-03 06:22:18.677 | INFO     | scripts.train_CUB:train_val:53 - [Ours] 58/1000 06:22:18 bits: 64 dataset: ip102 loss way: Ours training...
2024-12-03 06:25:05.676 | INFO     | scripts.train_CUB:train_val:81 - train loss: 0.7075884605975862, center loss: 2.9104779382469133, pair loss: 495.9249903559685
2024-12-03 06:25:05.676 | INFO     | scripts.train_CUB:train_val:53 - [Ours] 59/1000 06:25:05 bits: 64 dataset: ip102 loss way: Ours training...
2024-12-03 06:27:52.642 | INFO     | scripts.train_CUB:train_val:81 - train loss: 0.7075459301894438, center loss: 2.875157140311785, pair loss: 495.93037378787994
2024-12-03 06:27:52.643 | INFO     | scripts.train_CUB:train_val:53 - [Ours] 60/1000 06:27:52 bits: 64 dataset: ip102 loss way: Ours training...
2024-12-03 06:30:39.815 | INFO     | scripts.train_CUB:train_val:81 - train loss: 0.7072157733829308, center loss: 2.8077457170002162, pair loss: 495.7651187181473
2024-12-03 06:33:04.264 | INFO     | scripts.train_CUB:train_val:107 - [Ours] 60/1000 06:27:52 bits: 64 dataset: ip102 Best mAP: 0.7319841775560958, current mAP: 0.7311922851705115
2024-12-03 06:33:04.265 | INFO     | scripts.train_CUB:train_val:53 - [Ours] 61/1000 06:33:04 bits: 64 dataset: ip102 loss way: Ours training...
2024-12-03 06:35:51.053 | INFO     | scripts.train_CUB:train_val:81 - train loss: 0.706973704716838, center loss: 2.7936484371311963, pair loss: 495.60859602689743
2024-12-03 06:35:51.054 | INFO     | scripts.train_CUB:train_val:53 - [Ours] 62/1000 06:35:51 bits: 64 dataset: ip102 loss way: Ours training...
2024-12-03 06:38:38.077 | INFO     | scripts.train_CUB:train_val:81 - train loss: 0.7068877425599606, center loss: 2.782252857228741, pair loss: 495.5594267845154
2024-12-03 06:38:38.077 | INFO     | scripts.train_CUB:train_val:53 - [Ours] 63/1000 06:38:38 bits: 64 dataset: ip102 loss way: Ours training...
2024-12-03 06:41:24.973 | INFO     | scripts.train_CUB:train_val:81 - train loss: 0.7066434299692195, center loss: 2.7180019634542987, pair loss: 495.4515241384506
2024-12-03 06:43:49.527 | INFO     | scripts.train_CUB:train_val:97 - save in ./results/ip102/Ours
2024-12-03 06:43:49.527 | INFO     | scripts.train_CUB:train_val:107 - [Ours] 63/1000 06:38:38 bits: 64 dataset: ip102 Best mAP: 0.7336313652922949, current mAP: 0.7336313652922949
2024-12-03 06:43:49.527 | INFO     | scripts.train_CUB:train_val:53 - [Ours] 64/1000 06:43:49 bits: 64 dataset: ip102 loss way: Ours training...
2024-12-03 06:46:36.433 | INFO     | scripts.train_CUB:train_val:81 - train loss: 0.7067997021032564, center loss: 2.7269538798136637, pair loss: 495.55279529094696
2024-12-03 06:46:36.433 | INFO     | scripts.train_CUB:train_val:53 - [Ours] 65/1000 06:46:36 bits: 64 dataset: ip102 loss way: Ours training...
2024-12-03 06:49:23.553 | INFO     | scripts.train_CUB:train_val:81 - train loss: 0.7063510785711572, center loss: 2.652181859361008, pair loss: 495.31138974428177
2024-12-03 06:49:23.553 | INFO     | scripts.train_CUB:train_val:53 - [Ours] 66/1000 06:49:23 bits: 64 dataset: ip102 loss way: Ours training...
2024-12-03 06:52:10.365 | INFO     | scripts.train_CUB:train_val:81 - train loss: 0.7063935095536793, center loss: 2.653534830897115, pair loss: 495.33989173173904
2024-12-03 06:54:34.461 | INFO     | scripts.train_CUB:train_val:97 - save in ./results/ip102/Ours
2024-12-03 06:54:34.461 | INFO     | scripts.train_CUB:train_val:107 - [Ours] 66/1000 06:49:23 bits: 64 dataset: ip102 Best mAP: 0.7372415255300585, current mAP: 0.7372415255300585
2024-12-03 06:54:34.462 | INFO     | scripts.train_CUB:train_val:53 - [Ours] 67/1000 06:54:34 bits: 64 dataset: ip102 loss way: Ours training...
2024-12-03 06:57:21.427 | INFO     | scripts.train_CUB:train_val:81 - train loss: 0.7061164201574123, center loss: 2.6093652700074017, pair loss: 495.1888475418091
2024-12-03 06:57:21.428 | INFO     | scripts.train_CUB:train_val:53 - [Ours] 68/1000 06:57:21 bits: 64 dataset: ip102 loss way: Ours training...
2024-12-03 07:00:08.336 | INFO     | scripts.train_CUB:train_val:81 - train loss: 0.7060051974675334, center loss: 2.5899851974099874, pair loss: 495.1298993229866
2024-12-03 07:00:08.336 | INFO     | scripts.train_CUB:train_val:53 - [Ours] 69/1000 07:00:08 bits: 64 dataset: ip102 loss way: Ours training...
2024-12-03 07:02:55.373 | INFO     | scripts.train_CUB:train_val:81 - train loss: 0.7058066747712751, center loss: 2.5542315816273913, pair loss: 495.0257245898247
2024-12-03 07:05:19.592 | INFO     | scripts.train_CUB:train_val:107 - [Ours] 69/1000 07:00:08 bits: 64 dataset: ip102 Best mAP: 0.7372415255300585, current mAP: 0.7362058975759155
2024-12-03 07:05:19.593 | INFO     | scripts.train_CUB:train_val:53 - [Ours] 70/1000 07:05:19 bits: 64 dataset: ip102 loss way: Ours training...
2024-12-03 07:08:06.473 | INFO     | scripts.train_CUB:train_val:81 - train loss: 0.7058069612117523, center loss: 2.539025899139233, pair loss: 495.04116755723953
2024-12-03 07:08:06.474 | INFO     | scripts.train_CUB:train_val:53 - [Ours] 71/1000 07:08:06 bits: 64 dataset: ip102 loss way: Ours training...
2024-12-03 07:10:53.412 | INFO     | scripts.train_CUB:train_val:81 - train loss: 0.7056370756304856, center loss: 2.4973670872859657, pair loss: 494.96317732334137
2024-12-03 07:10:53.412 | INFO     | scripts.train_CUB:train_val:53 - [Ours] 72/1000 07:10:53 bits: 64 dataset: ip102 loss way: Ours training...
2024-12-03 07:13:40.586 | INFO     | scripts.train_CUB:train_val:81 - train loss: 0.7056340783200366, center loss: 2.4693321293452755, pair loss: 494.9891045689583
2024-12-03 07:16:04.239 | INFO     | scripts.train_CUB:train_val:107 - [Ours] 72/1000 07:10:53 bits: 64 dataset: ip102 Best mAP: 0.7372415255300585, current mAP: 0.7361609251631833
2024-12-03 07:16:04.240 | INFO     | scripts.train_CUB:train_val:53 - [Ours] 73/1000 07:16:04 bits: 64 dataset: ip102 loss way: Ours training...
2024-12-03 07:18:51.310 | INFO     | scripts.train_CUB:train_val:81 - train loss: 0.705409474406682, center loss: 2.4207519297488034, pair loss: 494.8794077038765
2024-12-03 07:18:51.311 | INFO     | scripts.train_CUB:train_val:53 - [Ours] 74/1000 07:18:51 bits: 64 dataset: ip102 loss way: Ours training...
2024-12-03 07:21:38.351 | INFO     | scripts.train_CUB:train_val:81 - train loss: 0.7054003778078878, center loss: 2.424683503457345, pair loss: 494.8691101074219
2024-12-03 07:21:38.351 | INFO     | scripts.train_CUB:train_val:53 - [Ours] 75/1000 07:21:38 bits: 64 dataset: ip102 loss way: Ours training...
2024-12-03 07:24:25.353 | INFO     | scripts.train_CUB:train_val:81 - train loss: 0.7051959989764166, center loss: 2.4009156721876934, pair loss: 494.7488532066345
2024-12-03 07:26:49.051 | INFO     | scripts.train_CUB:train_val:97 - save in ./results/ip102/Ours
2024-12-03 07:26:49.051 | INFO     | scripts.train_CUB:train_val:107 - [Ours] 75/1000 07:21:38 bits: 64 dataset: ip102 Best mAP: 0.7383504646801441, current mAP: 0.7383504646801441
2024-12-03 07:26:49.051 | INFO     | scripts.train_CUB:train_val:53 - [Ours] 76/1000 07:26:49 bits: 64 dataset: ip102 loss way: Ours training...
2024-12-03 07:29:35.983 | INFO     | scripts.train_CUB:train_val:81 - train loss: 0.7052072453160658, center loss: 2.3911309973336756, pair loss: 494.76655399799347
2024-12-03 07:29:35.983 | INFO     | scripts.train_CUB:train_val:53 - [Ours] 77/1000 07:29:35 bits: 64 dataset: ip102 loss way: Ours training...
2024-12-03 07:32:22.954 | INFO     | scripts.train_CUB:train_val:81 - train loss: 0.7052127205733711, center loss: 2.384578570141457, pair loss: 494.77705812454224
2024-12-03 07:32:22.954 | INFO     | scripts.train_CUB:train_val:53 - [Ours] 78/1000 07:32:22 bits: 64 dataset: ip102 loss way: Ours training...
2024-12-03 07:35:09.885 | INFO     | scripts.train_CUB:train_val:81 - train loss: 0.7048918419695915, center loss: 2.3327060563024133, pair loss: 494.6027473807335
2024-12-03 07:37:34.010 | INFO     | scripts.train_CUB:train_val:107 - [Ours] 78/1000 07:32:22 bits: 64 dataset: ip102 Best mAP: 0.7383504646801441, current mAP: 0.735506208773468
2024-12-03 07:37:34.010 | INFO     | scripts.train_CUB:train_val:53 - [Ours] 79/1000 07:37:34 bits: 64 dataset: ip102 loss way: Ours training...
2024-12-03 07:40:20.700 | INFO     | scripts.train_CUB:train_val:81 - train loss: 0.7049425074394713, center loss: 2.3343663760460913, pair loss: 494.6368284225464
2024-12-03 07:40:20.700 | INFO     | scripts.train_CUB:train_val:53 - [Ours] 80/1000 07:40:20 bits: 64 dataset: ip102 loss way: Ours training...
2024-12-03 07:43:07.823 | INFO     | scripts.train_CUB:train_val:81 - train loss: 0.7048407760072262, center loss: 2.3114951165625826, pair loss: 494.58805215358734
2024-12-03 07:43:07.824 | INFO     | scripts.train_CUB:train_val:53 - [Ours] 81/1000 07:43:07 bits: 64 dataset: ip102 loss way: Ours training...
2024-12-03 07:45:54.674 | INFO     | scripts.train_CUB:train_val:81 - train loss: 0.7044479802990636, center loss: 2.2658262494951487, pair loss: 494.35691744089127
2024-12-03 07:48:18.490 | INFO     | scripts.train_CUB:train_val:107 - [Ours] 81/1000 07:43:07 bits: 64 dataset: ip102 Best mAP: 0.7383504646801441, current mAP: 0.7377211304793393
2024-12-03 07:48:18.490 | INFO     | scripts.train_CUB:train_val:53 - [Ours] 82/1000 07:48:18 bits: 64 dataset: ip102 loss way: Ours training...
2024-12-03 07:51:05.412 | INFO     | scripts.train_CUB:train_val:81 - train loss: 0.7044583401781448, center loss: 2.238244554726407, pair loss: 494.3917906284332
2024-12-03 07:51:05.413 | INFO     | scripts.train_CUB:train_val:53 - [Ours] 83/1000 07:51:05 bits: 64 dataset: ip102 loss way: Ours training...
2024-12-03 07:53:52.363 | INFO     | scripts.train_CUB:train_val:81 - train loss: 0.7045080987274224, center loss: 2.240673205233179, pair loss: 494.42449337244034
2024-12-03 07:53:52.363 | INFO     | scripts.train_CUB:train_val:53 - [Ours] 84/1000 07:53:52 bits: 64 dataset: ip102 loss way: Ours training...
2024-12-03 07:56:39.322 | INFO     | scripts.train_CUB:train_val:81 - train loss: 0.7044780974692487, center loss: 2.2286672230111435, pair loss: 494.41533476114273
2024-12-03 07:59:02.886 | INFO     | scripts.train_CUB:train_val:107 - [Ours] 84/1000 07:53:52 bits: 64 dataset: ip102 Best mAP: 0.7383504646801441, current mAP: 0.7382273549526812
2024-12-03 07:59:02.887 | INFO     | scripts.train_CUB:train_val:53 - [Ours] 85/1000 07:59:02 bits: 64 dataset: ip102 loss way: Ours training...
2024-12-03 08:01:49.882 | INFO     | scripts.train_CUB:train_val:81 - train loss: 0.7042246250396079, center loss: 2.1610201514558867, pair loss: 494.304370701313
2024-12-03 08:01:49.882 | INFO     | scripts.train_CUB:train_val:53 - [Ours] 86/1000 08:01:49 bits: 64 dataset: ip102 loss way: Ours training...
2024-12-03 08:04:36.728 | INFO     | scripts.train_CUB:train_val:81 - train loss: 0.704079159185396, center loss: 2.168358343769796, pair loss: 494.1944785118103
2024-12-03 08:04:36.728 | INFO     | scripts.train_CUB:train_val:53 - [Ours] 87/1000 08:04:36 bits: 64 dataset: ip102 loss way: Ours training...
2024-12-03 08:07:23.763 | INFO     | scripts.train_CUB:train_val:81 - train loss: 0.7041638057282631, center loss: 2.176547946059145, pair loss: 494.2460366487503
2024-12-03 08:09:47.405 | INFO     | scripts.train_CUB:train_val:97 - save in ./results/ip102/Ours
2024-12-03 08:09:47.405 | INFO     | scripts.train_CUB:train_val:107 - [Ours] 87/1000 08:04:36 bits: 64 dataset: ip102 Best mAP: 0.7385299767802106, current mAP: 0.7385299767802106
2024-12-03 08:09:47.405 | INFO     | scripts.train_CUB:train_val:53 - [Ours] 88/1000 08:09:47 bits: 64 dataset: ip102 loss way: Ours training...
2024-12-03 08:12:34.157 | INFO     | scripts.train_CUB:train_val:81 - train loss: 0.7040223495334598, center loss: 2.1470318466890603, pair loss: 494.1759013533592
2024-12-03 08:12:34.157 | INFO     | scripts.train_CUB:train_val:53 - [Ours] 89/1000 08:12:34 bits: 64 dataset: ip102 loss way: Ours training...
2024-12-03 08:15:21.319 | INFO     | scripts.train_CUB:train_val:81 - train loss: 0.7041087060955399, center loss: 2.1404990188311785, pair loss: 494.24331271648407
2024-12-03 08:15:21.319 | INFO     | scripts.train_CUB:train_val:53 - [Ours] 90/1000 08:15:21 bits: 64 dataset: ip102 loss way: Ours training...
2024-12-03 08:18:08.220 | INFO     | scripts.train_CUB:train_val:81 - train loss: 0.7038754014258689, center loss: 2.0990531482966617, pair loss: 494.1203489303589
2024-12-03 08:20:31.711 | INFO     | scripts.train_CUB:train_val:97 - save in ./results/ip102/Ours
2024-12-03 08:20:31.711 | INFO     | scripts.train_CUB:train_val:107 - [Ours] 90/1000 08:15:21 bits: 64 dataset: ip102 Best mAP: 0.7418704798421558, current mAP: 0.7418704798421558
2024-12-03 08:20:31.711 | INFO     | scripts.train_CUB:train_val:53 - [Ours] 91/1000 08:20:31 bits: 64 dataset: ip102 loss way: Ours training...
2024-12-03 08:23:18.787 | INFO     | scripts.train_CUB:train_val:81 - train loss: 0.7038931050199143, center loss: 2.0889481380581856, pair loss: 494.1430086493492
2024-12-03 08:23:18.787 | INFO     | scripts.train_CUB:train_val:53 - [Ours] 92/1000 08:23:18 bits: 64 dataset: ip102 loss way: Ours training...
2024-12-03 08:26:05.805 | INFO     | scripts.train_CUB:train_val:81 - train loss: 0.7037413200588091, center loss: 2.0527084274217486, pair loss: 494.0722307562828
2024-12-03 08:26:05.805 | INFO     | scripts.train_CUB:train_val:53 - [Ours] 93/1000 08:26:05 bits: 64 dataset: ip102 loss way: Ours training...
2024-12-03 08:28:52.754 | INFO     | scripts.train_CUB:train_val:81 - train loss: 0.7035938004229931, center loss: 2.053639226593077, pair loss: 493.96738761663437
2024-12-03 08:31:16.060 | INFO     | scripts.train_CUB:train_val:107 - [Ours] 93/1000 08:26:05 bits: 64 dataset: ip102 Best mAP: 0.7418704798421558, current mAP: 0.7401882766026765
2024-12-03 08:31:16.060 | INFO     | scripts.train_CUB:train_val:53 - [Ours] 94/1000 08:31:16 bits: 64 dataset: ip102 loss way: Ours training...
2024-12-03 08:34:02.940 | INFO     | scripts.train_CUB:train_val:81 - train loss: 0.7034719902572902, center loss: 2.0178159093484282, pair loss: 493.9173226952553
2024-12-03 08:34:02.940 | INFO     | scripts.train_CUB:train_val:53 - [Ours] 95/1000 08:34:02 bits: 64 dataset: ip102 loss way: Ours training...
2024-12-03 08:36:49.952 | INFO     | scripts.train_CUB:train_val:81 - train loss: 0.7034486766402603, center loss: 2.0333471363410354, pair loss: 493.88543343544006
2024-12-03 08:36:49.953 | INFO     | scripts.train_CUB:train_val:53 - [Ours] 96/1000 08:36:49 bits: 64 dataset: ip102 loss way: Ours training...
2024-12-03 08:39:36.830 | INFO     | scripts.train_CUB:train_val:81 - train loss: 0.7034389215158232, center loss: 2.002125740516931, pair loss: 493.9097724556923
2024-12-03 08:41:59.834 | INFO     | scripts.train_CUB:train_val:107 - [Ours] 96/1000 08:36:49 bits: 64 dataset: ip102 Best mAP: 0.7418704798421558, current mAP: 0.7401733176748125
2024-12-03 08:41:59.834 | INFO     | scripts.train_CUB:train_val:53 - [Ours] 97/1000 08:41:59 bits: 64 dataset: ip102 loss way: Ours training...
2024-12-03 08:44:46.773 | INFO     | scripts.train_CUB:train_val:81 - train loss: 0.7036434647039319, center loss: 2.0302933438215405, pair loss: 494.02581852674484
2024-12-03 08:44:46.774 | INFO     | scripts.train_CUB:train_val:53 - [Ours] 98/1000 08:44:46 bits: 64 dataset: ip102 loss way: Ours training...
2024-12-03 08:47:33.675 | INFO     | scripts.train_CUB:train_val:81 - train loss: 0.7036089277436547, center loss: 2.028815454686992, pair loss: 494.00303560495377
2024-12-03 08:47:33.676 | INFO     | scripts.train_CUB:train_val:53 - [Ours] 99/1000 08:47:33 bits: 64 dataset: ip102 loss way: Ours training...
2024-12-03 08:50:20.602 | INFO     | scripts.train_CUB:train_val:81 - train loss: 0.7032222953248531, center loss: 1.9849207915831357, pair loss: 493.77444702386856
2024-12-03 08:52:43.695 | INFO     | scripts.train_CUB:train_val:107 - [Ours] 99/1000 08:47:33 bits: 64 dataset: ip102 Best mAP: 0.7418704798421558, current mAP: 0.7402105287820299
2024-12-03 08:52:43.695 | INFO     | scripts.train_CUB:train_val:53 - [Ours] 100/1000 08:52:43 bits: 64 dataset: ip102 loss way: Ours training...
2024-12-03 08:55:30.728 | INFO     | scripts.train_CUB:train_val:81 - train loss: 0.703117436381942, center loss: 1.9713353918632492, pair loss: 493.71417158842087
2024-12-03 08:55:30.728 | INFO     | scripts.train_CUB:train_val:53 - [Ours] 101/1000 08:55:30 bits: 64 dataset: ip102 loss way: Ours training...
2024-12-03 08:58:17.604 | INFO     | scripts.train_CUB:train_val:81 - train loss: 0.702928234499397, center loss: 1.9345677543897182, pair loss: 493.61750918626785
2024-12-03 08:58:17.605 | INFO     | scripts.train_CUB:train_val:53 - [Ours] 102/1000 08:58:17 bits: 64 dataset: ip102 loss way: Ours training...
2024-12-03 09:01:04.624 | INFO     | scripts.train_CUB:train_val:81 - train loss: 0.7029353469821579, center loss: 1.933155108592473, pair loss: 493.62396734952927
2024-12-03 09:03:27.672 | INFO     | scripts.train_CUB:train_val:107 - [Ours] 102/1000 08:58:17 bits: 64 dataset: ip102 Best mAP: 0.7418704798421558, current mAP: 0.7402496458425594
2024-12-03 09:03:27.672 | INFO     | scripts.train_CUB:train_val:53 - [Ours] 103/1000 09:03:27 bits: 64 dataset: ip102 loss way: Ours training...
2024-12-03 09:06:14.717 | INFO     | scripts.train_CUB:train_val:81 - train loss: 0.7029278557351295, center loss: 1.9535865657962859, pair loss: 493.59831988811493
2024-12-03 09:06:14.717 | INFO     | scripts.train_CUB:train_val:53 - [Ours] 104/1000 09:06:14 bits: 64 dataset: ip102 loss way: Ours training...
2024-12-03 09:09:01.638 | INFO     | scripts.train_CUB:train_val:81 - train loss: 0.702669674623097, center loss: 1.8748503937385976, pair loss: 493.495083630085
2024-12-03 09:09:01.638 | INFO     | scripts.train_CUB:train_val:53 - [Ours] 105/1000 09:09:01 bits: 64 dataset: ip102 loss way: Ours training...
2024-12-03 09:11:48.614 | INFO     | scripts.train_CUB:train_val:81 - train loss: 0.7028002076960624, center loss: 1.8962435389403254, pair loss: 493.56575256586075
2024-12-03 09:14:11.366 | INFO     | scripts.train_CUB:train_val:107 - [Ours] 105/1000 09:09:01 bits: 64 dataset: ip102 Best mAP: 0.7418704798421558, current mAP: 0.7400478202493963
2024-12-03 09:14:11.367 | INFO     | scripts.train_CUB:train_val:53 - [Ours] 106/1000 09:14:11 bits: 64 dataset: ip102 loss way: Ours training...
2024-12-03 09:16:58.463 | INFO     | scripts.train_CUB:train_val:81 - train loss: 0.702616767342209, center loss: 1.8648508434416726, pair loss: 493.4678372144699
2024-12-03 09:16:58.463 | INFO     | scripts.train_CUB:train_val:53 - [Ours] 107/1000 09:16:58 bits: 64 dataset: ip102 loss way: Ours training...
2024-12-03 09:19:45.513 | INFO     | scripts.train_CUB:train_val:81 - train loss: 0.7025714858203915, center loss: 1.8436630367068574, pair loss: 493.45715111494064
2024-12-03 09:19:45.513 | INFO     | scripts.train_CUB:train_val:53 - [Ours] 108/1000 09:19:45 bits: 64 dataset: ip102 loss way: Ours training...
2024-12-03 09:22:32.356 | INFO     | scripts.train_CUB:train_val:81 - train loss: 0.702507227532407, center loss: 1.8504231105325744, pair loss: 493.4051243662834
2024-12-03 09:24:55.069 | INFO     | scripts.train_CUB:train_val:97 - save in ./results/ip102/Ours
2024-12-03 09:24:55.069 | INFO     | scripts.train_CUB:train_val:107 - [Ours] 108/1000 09:19:45 bits: 64 dataset: ip102 Best mAP: 0.742778046324376, current mAP: 0.742778046324376
2024-12-03 09:24:55.070 | INFO     | scripts.train_CUB:train_val:53 - [Ours] 109/1000 09:24:55 bits: 64 dataset: ip102 loss way: Ours training...
2024-12-03 09:27:42.087 | INFO     | scripts.train_CUB:train_val:81 - train loss: 0.7025149889026128, center loss: 1.8453002294991165, pair loss: 493.41573733091354
2024-12-03 09:27:42.088 | INFO     | scripts.train_CUB:train_val:53 - [Ours] 110/1000 09:27:42 bits: 64 dataset: ip102 loss way: Ours training...
2024-12-03 09:30:29.150 | INFO     | scripts.train_CUB:train_val:81 - train loss: 0.7024417993870188, center loss: 1.8212731706444174, pair loss: 493.3882199525833
2024-12-03 09:30:29.150 | INFO     | scripts.train_CUB:train_val:53 - [Ours] 111/1000 09:30:29 bits: 64 dataset: ip102 loss way: Ours training...
2024-12-03 09:33:16.188 | INFO     | scripts.train_CUB:train_val:81 - train loss: 0.7024103599237213, center loss: 1.8183237409684807, pair loss: 493.36902582645416
2024-12-03 09:35:38.815 | INFO     | scripts.train_CUB:train_val:107 - [Ours] 111/1000 09:30:29 bits: 64 dataset: ip102 Best mAP: 0.742778046324376, current mAP: 0.7407495197026596
2024-12-03 09:35:38.815 | INFO     | scripts.train_CUB:train_val:53 - [Ours] 112/1000 09:35:38 bits: 64 dataset: ip102 loss way: Ours training...
2024-12-03 09:38:25.773 | INFO     | scripts.train_CUB:train_val:81 - train loss: 0.7026022234707014, center loss: 1.8258570317411795, pair loss: 493.4968028664589
2024-12-03 09:38:25.773 | INFO     | scripts.train_CUB:train_val:53 - [Ours] 113/1000 09:38:25 bits: 64 dataset: ip102 loss way: Ours training...
2024-12-03 09:41:12.628 | INFO     | scripts.train_CUB:train_val:81 - train loss: 0.7021303163352588, center loss: 1.7319180165650323, pair loss: 493.25811010599136
2024-12-03 09:41:12.629 | INFO     | scripts.train_CUB:train_val:53 - [Ours] 114/1000 09:41:12 bits: 64 dataset: ip102 loss way: Ours training...
2024-12-03 09:43:59.640 | INFO     | scripts.train_CUB:train_val:81 - train loss: 0.7022668538364113, center loss: 1.7729448293102905, pair loss: 493.3133361339569
2024-12-03 09:46:22.350 | INFO     | scripts.train_CUB:train_val:107 - [Ours] 114/1000 09:41:12 bits: 64 dataset: ip102 Best mAP: 0.742778046324376, current mAP: 0.7410909965407915
2024-12-03 09:46:22.350 | INFO     | scripts.train_CUB:train_val:53 - [Ours] 115/1000 09:46:22 bits: 64 dataset: ip102 loss way: Ours training...
2024-12-03 09:49:09.293 | INFO     | scripts.train_CUB:train_val:81 - train loss: 0.7022634003179293, center loss: 1.7781486806925386, pair loss: 493.3057737350464
2024-12-03 09:49:09.293 | INFO     | scripts.train_CUB:train_val:53 - [Ours] 116/1000 09:49:09 bits: 64 dataset: ip102 loss way: Ours training...
2024-12-03 09:51:56.199 | INFO     | scripts.train_CUB:train_val:81 - train loss: 0.7021805831726561, center loss: 1.7698677226435393, pair loss: 493.2556598186493
2024-12-03 09:51:56.199 | INFO     | scripts.train_CUB:train_val:53 - [Ours] 117/1000 09:51:56 bits: 64 dataset: ip102 loss way: Ours training...
2024-12-03 09:54:43.076 | INFO     | scripts.train_CUB:train_val:81 - train loss: 0.7022239620803942, center loss: 1.7684172791196033, pair loss: 493.2877145409584
2024-12-03 09:57:05.535 | INFO     | scripts.train_CUB:train_val:107 - [Ours] 117/1000 09:51:56 bits: 64 dataset: ip102 Best mAP: 0.742778046324376, current mAP: 0.7419083967654507
2024-12-03 09:57:05.536 | INFO     | scripts.train_CUB:train_val:53 - [Ours] 118/1000 09:57:05 bits: 64 dataset: ip102 loss way: Ours training...
2024-12-03 09:59:52.486 | INFO     | scripts.train_CUB:train_val:81 - train loss: 0.7021443241876913, center loss: 1.7557172528468072, pair loss: 493.24428337812424
2024-12-03 09:59:52.487 | INFO     | scripts.train_CUB:train_val:53 - [Ours] 119/1000 09:59:52 bits: 64 dataset: ip102 loss way: Ours training...
2024-12-03 10:02:39.495 | INFO     | scripts.train_CUB:train_val:81 - train loss: 0.702038988407622, center loss: 1.7340174984419718, pair loss: 493.1918159723282
2024-12-03 10:02:39.495 | INFO     | scripts.train_CUB:train_val:53 - [Ours] 120/1000 10:02:39 bits: 64 dataset: ip102 loss way: Ours training...
2024-12-03 10:05:26.313 | INFO     | scripts.train_CUB:train_val:81 - train loss: 0.7019558070399237, center loss: 1.7402902456233278, pair loss: 493.1268704533577
2024-12-03 10:07:48.987 | INFO     | scripts.train_CUB:train_val:107 - [Ours] 120/1000 10:02:39 bits: 64 dataset: ip102 Best mAP: 0.742778046324376, current mAP: 0.7415979522427234
2024-12-03 10:07:48.987 | INFO     | scripts.train_CUB:train_val:53 - [Ours] 121/1000 10:07:48 bits: 64 dataset: ip102 loss way: Ours training...
2024-12-03 10:10:35.835 | INFO     | scripts.train_CUB:train_val:81 - train loss: 0.7018947071217476, center loss: 1.7372305523604155, pair loss: 493.0868790745735
2024-12-03 10:10:35.835 | INFO     | scripts.train_CUB:train_val:53 - [Ours] 122/1000 10:10:35 bits: 64 dataset: ip102 loss way: Ours training...
2024-12-03 10:13:22.833 | INFO     | scripts.train_CUB:train_val:81 - train loss: 0.7020276718951286, center loss: 1.7452453442383558, pair loss: 493.17261523008347
2024-12-03 10:13:22.833 | INFO     | scripts.train_CUB:train_val:53 - [Ours] 123/1000 10:13:22 bits: 64 dataset: ip102 loss way: Ours training...
2024-12-03 10:16:09.703 | INFO     | scripts.train_CUB:train_val:81 - train loss: 0.7017697051061806, center loss: 1.6982742446707562, pair loss: 493.0378124117851
2024-12-03 10:18:31.978 | INFO     | scripts.train_CUB:train_val:107 - [Ours] 123/1000 10:13:22 bits: 64 dataset: ip102 Best mAP: 0.742778046324376, current mAP: 0.7400297073657713
2024-12-03 10:18:31.978 | INFO     | scripts.train_CUB:train_val:53 - [Ours] 124/1000 10:18:31 bits: 64 dataset: ip102 loss way: Ours training...
2024-12-03 10:21:19.055 | INFO     | scripts.train_CUB:train_val:81 - train loss: 0.7016559522202674, center loss: 1.7077209808630869, pair loss: 492.9482069015503
2024-12-03 10:21:19.055 | INFO     | scripts.train_CUB:train_val:53 - [Ours] 125/1000 10:21:19 bits: 64 dataset: ip102 loss way: Ours training...
2024-12-03 10:24:06.011 | INFO     | scripts.train_CUB:train_val:81 - train loss: 0.7015947001200196, center loss: 1.6747214671922848, pair loss: 492.9381009340286
2024-12-03 10:24:06.012 | INFO     | scripts.train_CUB:train_val:53 - [Ours] 126/1000 10:24:06 bits: 64 dataset: ip102 loss way: Ours training...
2024-12-03 10:26:53.118 | INFO     | scripts.train_CUB:train_val:81 - train loss: 0.701609331158036, center loss: 1.6674000116763636, pair loss: 492.9556913971901
2024-12-03 10:29:15.323 | INFO     | scripts.train_CUB:train_val:107 - [Ours] 126/1000 10:24:06 bits: 64 dataset: ip102 Best mAP: 0.742778046324376, current mAP: 0.7408201836110934
2024-12-03 10:29:15.323 | INFO     | scripts.train_CUB:train_val:53 - [Ours] 127/1000 10:29:15 bits: 64 dataset: ip102 loss way: Ours training...
2024-12-03 10:32:02.333 | INFO     | scripts.train_CUB:train_val:81 - train loss: 0.7014311046465069, center loss: 1.6357699745567515, pair loss: 492.8617045879364
2024-12-03 10:32:02.333 | INFO     | scripts.train_CUB:train_val:53 - [Ours] 128/1000 10:32:02 bits: 64 dataset: ip102 loss way: Ours training...
2024-12-03 10:35:00.528 | INFO     | scripts.train_CUB:train_val:81 - train loss: 0.7013963239412782, center loss: 1.63186966907233, pair loss: 492.84114396572113
2024-12-03 10:35:00.529 | INFO     | scripts.train_CUB:train_val:53 - [Ours] 129/1000 10:35:00 bits: 64 dataset: ip102 loss way: Ours training...
2024-12-03 10:37:47.985 | INFO     | scripts.train_CUB:train_val:81 - train loss: 0.70128688406437, center loss: 1.6240279673365876, pair loss: 492.7718677520752
2024-12-03 10:40:10.001 | INFO     | scripts.train_CUB:train_val:107 - [Ours] 129/1000 10:35:00 bits: 64 dataset: ip102 Best mAP: 0.742778046324376, current mAP: 0.738137343342356
2024-12-03 10:40:10.001 | INFO     | scripts.train_CUB:train_val:53 - [Ours] 130/1000 10:40:10 bits: 64 dataset: ip102 loss way: Ours training...
2024-12-03 10:42:57.437 | INFO     | scripts.train_CUB:train_val:81 - train loss: 0.7015529405140708, center loss: 1.6344856491778046, pair loss: 492.9490135908127
2024-12-03 10:42:57.437 | INFO     | scripts.train_CUB:train_val:53 - [Ours] 131/1000 10:42:57 bits: 64 dataset: ip102 loss way: Ours training...
2024-12-03 10:45:44.554 | INFO     | scripts.train_CUB:train_val:81 - train loss: 0.7013301740301416, center loss: 1.5901627244893461, pair loss: 492.8363348841667
2024-12-03 10:45:44.554 | INFO     | scripts.train_CUB:train_val:53 - [Ours] 132/1000 10:45:44 bits: 64 dataset: ip102 loss way: Ours training...
2024-12-03 10:48:46.121 | INFO     | scripts.train_CUB:train_val:81 - train loss: 0.7011971278393522, center loss: 1.5700249143410474, pair loss: 492.7627078294754
2024-12-03 10:51:17.052 | INFO     | scripts.train_CUB:train_val:107 - [Ours] 132/1000 10:45:44 bits: 64 dataset: ip102 Best mAP: 0.742778046324376, current mAP: 0.7421342222812527
2024-12-03 10:51:17.052 | INFO     | scripts.train_CUB:train_val:53 - [Ours] 133/1000 10:51:17 bits: 64 dataset: ip102 loss way: Ours training...
2024-12-03 10:54:04.212 | INFO     | scripts.train_CUB:train_val:81 - train loss: 0.7013191258653682, center loss: 1.5943953418172896, pair loss: 492.8243924379349
2024-12-03 10:54:04.213 | INFO     | scripts.train_CUB:train_val:53 - [Ours] 134/1000 10:54:04 bits: 64 dataset: ip102 loss way: Ours training...
2024-12-03 10:56:51.434 | INFO     | scripts.train_CUB:train_val:81 - train loss: 0.7010945771602874, center loss: 1.561478073184844, pair loss: 492.6990396976471
2024-12-03 10:56:51.434 | INFO     | scripts.train_CUB:train_val:53 - [Ours] 135/1000 10:56:51 bits: 64 dataset: ip102 loss way: Ours training...
2024-12-03 10:59:38.294 | INFO     | scripts.train_CUB:train_val:81 - train loss: 0.7011859852371486, center loss: 1.5663578109815717, pair loss: 492.75863206386566
2024-12-03 11:02:00.100 | INFO     | scripts.train_CUB:train_val:107 - [Ours] 135/1000 10:56:51 bits: 64 dataset: ip102 Best mAP: 0.742778046324376, current mAP: 0.7400074461107642
2024-12-03 11:02:00.101 | INFO     | scripts.train_CUB:train_val:53 - [Ours] 136/1000 11:02:00 bits: 64 dataset: ip102 loss way: Ours training...
2024-12-03 11:04:47.123 | INFO     | scripts.train_CUB:train_val:81 - train loss: 0.7012001052815864, center loss: 1.5533643939998, pair loss: 492.78155022859573
2024-12-03 11:04:47.123 | INFO     | scripts.train_CUB:train_val:53 - [Ours] 137/1000 11:04:47 bits: 64 dataset: ip102 loss way: Ours training...
2024-12-03 11:07:41.425 | INFO     | scripts.train_CUB:train_val:81 - train loss: 0.701158666357081, center loss: 1.5655936428229325, pair loss: 492.74014234542847
2024-12-03 11:07:41.425 | INFO     | scripts.train_CUB:train_val:53 - [Ours] 138/1000 11:07:41 bits: 64 dataset: ip102 loss way: Ours training...
2024-12-03 11:10:39.369 | INFO     | scripts.train_CUB:train_val:81 - train loss: 0.7011055476276588, center loss: 1.5450371555052698, pair loss: 492.7233145236969
2024-12-03 11:13:02.572 | INFO     | scripts.train_CUB:train_val:97 - save in ./results/ip102/Ours
2024-12-03 11:13:02.573 | INFO     | scripts.train_CUB:train_val:107 - [Ours] 138/1000 11:07:41 bits: 64 dataset: ip102 Best mAP: 0.744509532352719, current mAP: 0.744509532352719
2024-12-03 11:13:02.573 | INFO     | scripts.train_CUB:train_val:53 - [Ours] 139/1000 11:13:02 bits: 64 dataset: ip102 loss way: Ours training...
2024-12-03 11:15:51.934 | INFO     | scripts.train_CUB:train_val:81 - train loss: 0.7008999378968638, center loss: 1.520513437804766, pair loss: 492.6029180288315
2024-12-03 11:15:51.934 | INFO     | scripts.train_CUB:train_val:53 - [Ours] 140/1000 11:15:51 bits: 64 dataset: ip102 loss way: Ours training...
2024-12-03 11:18:41.258 | INFO     | scripts.train_CUB:train_val:81 - train loss: 0.7010155476576893, center loss: 1.539259170589503, pair loss: 492.6656476855278
2024-12-03 11:18:41.258 | INFO     | scripts.train_CUB:train_val:53 - [Ours] 141/1000 11:18:41 bits: 64 dataset: ip102 loss way: Ours training...
2024-12-03 11:21:30.654 | INFO     | scripts.train_CUB:train_val:81 - train loss: 0.7008675801838543, center loss: 1.5017619815189391, pair loss: 492.5988693833351
2024-12-03 11:23:53.377 | INFO     | scripts.train_CUB:train_val:107 - [Ours] 141/1000 11:18:41 bits: 64 dataset: ip102 Best mAP: 0.744509532352719, current mAP: 0.7405312168314166
2024-12-03 11:23:53.378 | INFO     | scripts.train_CUB:train_val:53 - [Ours] 142/1000 11:23:53 bits: 64 dataset: ip102 loss way: Ours training...
2024-12-03 11:26:42.785 | INFO     | scripts.train_CUB:train_val:81 - train loss: 0.700749035338138, center loss: 1.5093637283425778, pair loss: 492.50774335861206
2024-12-03 11:26:42.785 | INFO     | scripts.train_CUB:train_val:53 - [Ours] 143/1000 11:26:42 bits: 64 dataset: ip102 loss way: Ours training...
2024-12-03 11:29:32.225 | INFO     | scripts.train_CUB:train_val:81 - train loss: 0.7007912476857503, center loss: 1.5120549750281498, pair loss: 492.53481262922287
2024-12-03 11:29:32.226 | INFO     | scripts.train_CUB:train_val:53 - [Ours] 144/1000 11:29:32 bits: 64 dataset: ip102 loss way: Ours training...
2024-12-03 11:32:21.738 | INFO     | scripts.train_CUB:train_val:81 - train loss: 0.7007097698272543, center loss: 1.5041909085121006, pair loss: 492.4852821826935
2024-12-03 11:34:44.178 | INFO     | scripts.train_CUB:train_val:107 - [Ours] 144/1000 11:29:32 bits: 64 dataset: ip102 Best mAP: 0.744509532352719, current mAP: 0.7421836557288495
2024-12-03 11:34:44.178 | INFO     | scripts.train_CUB:train_val:53 - [Ours] 145/1000 11:34:44 bits: 64 dataset: ip102 loss way: Ours training...
2024-12-03 11:37:33.493 | INFO     | scripts.train_CUB:train_val:81 - train loss: 0.7007151106570629, center loss: 1.4876630589133129, pair loss: 492.50562089681625
2024-12-03 11:37:33.494 | INFO     | scripts.train_CUB:train_val:53 - [Ours] 146/1000 11:37:33 bits: 64 dataset: ip102 loss way: Ours training...
2024-12-03 11:40:22.737 | INFO     | scripts.train_CUB:train_val:81 - train loss: 0.7006764094034831, center loss: 1.487252025748603, pair loss: 492.4787366986275
2024-12-03 11:40:22.737 | INFO     | scripts.train_CUB:train_val:53 - [Ours] 147/1000 11:40:22 bits: 64 dataset: ip102 loss way: Ours training...
2024-12-03 11:43:12.036 | INFO     | scripts.train_CUB:train_val:81 - train loss: 0.7006521078711706, center loss: 1.5004728257772513, pair loss: 492.44840025901794
2024-12-03 11:45:34.851 | INFO     | scripts.train_CUB:train_val:97 - save in ./results/ip102/Ours
2024-12-03 11:45:34.852 | INFO     | scripts.train_CUB:train_val:107 - [Ours] 147/1000 11:40:22 bits: 64 dataset: ip102 Best mAP: 0.7445455832122668, current mAP: 0.7445455832122668
2024-12-03 11:45:34.852 | INFO     | scripts.train_CUB:train_val:53 - [Ours] 148/1000 11:45:34 bits: 64 dataset: ip102 loss way: Ours training...
2024-12-03 11:48:31.357 | INFO     | scripts.train_CUB:train_val:81 - train loss: 0.7005422231998849, center loss: 1.468207055120729, pair loss: 492.40324223041534
2024-12-03 11:48:31.358 | INFO     | scripts.train_CUB:train_val:53 - [Ours] 149/1000 11:48:31 bits: 64 dataset: ip102 loss way: Ours training...
2024-12-03 11:52:19.594 | INFO     | scripts.train_CUB:train_val:81 - train loss: 0.7006569043964359, center loss: 1.4863620750256814, pair loss: 492.46594738960266
2024-12-03 11:52:19.595 | INFO     | scripts.train_CUB:train_val:53 - [Ours] 150/1000 11:52:19 bits: 64 dataset: ip102 loss way: Ours training...
2024-12-03 11:55:37.579 | INFO     | scripts.train_CUB:train_val:81 - train loss: 0.7004461794034809, center loss: 1.4536892612231895, pair loss: 492.3501055240631
2024-12-03 11:58:27.287 | INFO     | scripts.train_CUB:train_val:107 - [Ours] 150/1000 11:52:19 bits: 64 dataset: ip102 Best mAP: 0.7445455832122668, current mAP: 0.7415672947055924
2024-12-03 11:58:27.287 | INFO     | scripts.train_CUB:train_val:53 - [Ours] 151/1000 11:58:27 bits: 64 dataset: ip102 loss way: Ours training...
2024-12-03 12:01:25.247 | INFO     | scripts.train_CUB:train_val:81 - train loss: 0.7005084519690655, center loss: 1.4562252491014078, pair loss: 492.3914740085602
2024-12-03 12:01:25.247 | INFO     | scripts.train_CUB:train_val:53 - [Ours] 152/1000 12:01:25 bits: 64 dataset: ip102 loss way: Ours training...
2024-12-03 12:04:35.220 | INFO     | scripts.train_CUB:train_val:81 - train loss: 0.7004220705505804, center loss: 1.427874764194712, pair loss: 492.35897994041443
2024-12-03 12:04:35.220 | INFO     | scripts.train_CUB:train_val:53 - [Ours] 153/1000 12:04:35 bits: 64 dataset: ip102 loss way: Ours training...
2024-12-03 12:07:27.437 | INFO     | scripts.train_CUB:train_val:81 - train loss: 0.7004667535741278, center loss: 1.4296756151597947, pair loss: 492.38869750499725
2024-12-03 12:09:48.556 | INFO     | scripts.train_CUB:train_val:97 - save in ./results/ip102/Ours
2024-12-03 12:09:48.557 | INFO     | scripts.train_CUB:train_val:107 - [Ours] 153/1000 12:04:35 bits: 64 dataset: ip102 Best mAP: 0.7447070059479218, current mAP: 0.7447070059479218
2024-12-03 12:09:48.557 | INFO     | scripts.train_CUB:train_val:53 - [Ours] 154/1000 12:09:48 bits: 64 dataset: ip102 loss way: Ours training...
2024-12-03 12:12:35.483 | INFO     | scripts.train_CUB:train_val:81 - train loss: 0.7003661261382678, center loss: 1.4202052545151673, pair loss: 492.3272485136986
2024-12-03 12:12:35.484 | INFO     | scripts.train_CUB:train_val:53 - [Ours] 155/1000 12:12:35 bits: 64 dataset: ip102 loss way: Ours training...
2024-12-03 12:15:22.387 | INFO     | scripts.train_CUB:train_val:81 - train loss: 0.7001622714049427, center loss: 1.4092583294259384, pair loss: 492.19460994005203
2024-12-03 12:15:22.387 | INFO     | scripts.train_CUB:train_val:53 - [Ours] 156/1000 12:15:22 bits: 64 dataset: ip102 loss way: Ours training...
2024-12-03 12:18:15.017 | INFO     | scripts.train_CUB:train_val:81 - train loss: 0.7001898534754489, center loss: 1.3998974530259147, pair loss: 492.2233349084854
2024-12-03 12:20:36.753 | INFO     | scripts.train_CUB:train_val:107 - [Ours] 156/1000 12:15:22 bits: 64 dataset: ip102 Best mAP: 0.7447070059479218, current mAP: 0.739860935331343
2024-12-03 12:20:36.753 | INFO     | scripts.train_CUB:train_val:53 - [Ours] 157/1000 12:20:36 bits: 64 dataset: ip102 loss way: Ours training...
2024-12-03 12:23:23.836 | INFO     | scripts.train_CUB:train_val:81 - train loss: 0.700148919541785, center loss: 1.3961428739130497, pair loss: 492.19824838638306
2024-12-03 12:23:23.836 | INFO     | scripts.train_CUB:train_val:53 - [Ours] 158/1000 12:23:23 bits: 64 dataset: ip102 loss way: Ours training...
2024-12-03 12:26:32.846 | INFO     | scripts.train_CUB:train_val:81 - train loss: 0.7002132238225734, center loss: 1.402568843914196, pair loss: 492.23719078302383
2024-12-03 12:26:32.847 | INFO     | scripts.train_CUB:train_val:53 - [Ours] 159/1000 12:26:32 bits: 64 dataset: ip102 loss way: Ours training...
2024-12-03 12:29:20.632 | INFO     | scripts.train_CUB:train_val:81 - train loss: 0.7002219506189333, center loss: 1.3659739505383186, pair loss: 492.27994495630264
2024-12-03 12:31:41.467 | INFO     | scripts.train_CUB:train_val:107 - [Ours] 159/1000 12:26:32 bits: 64 dataset: ip102 Best mAP: 0.7447070059479218, current mAP: 0.7446431352007241
2024-12-03 12:31:41.468 | INFO     | scripts.train_CUB:train_val:53 - [Ours] 160/1000 12:31:41 bits: 64 dataset: ip102 loss way: Ours training...
2024-12-03 12:34:28.433 | INFO     | scripts.train_CUB:train_val:81 - train loss: 0.7001817677883392, center loss: 1.3777036990504712, pair loss: 492.2399271130562
2024-12-03 12:34:28.434 | INFO     | scripts.train_CUB:train_val:53 - [Ours] 161/1000 12:34:28 bits: 64 dataset: ip102 loss way: Ours training...
2024-12-03 12:37:15.522 | INFO     | scripts.train_CUB:train_val:81 - train loss: 0.7000786277419286, center loss: 1.3761432412429713, pair loss: 492.1688092947006
2024-12-03 12:37:15.522 | INFO     | scripts.train_CUB:train_val:53 - [Ours] 162/1000 12:37:15 bits: 64 dataset: ip102 loss way: Ours training...
2024-12-03 12:40:02.472 | INFO     | scripts.train_CUB:train_val:81 - train loss: 0.7001183408371946, center loss: 1.3689637152128853, pair loss: 492.2039985656738
2024-12-03 12:42:23.531 | INFO     | scripts.train_CUB:train_val:107 - [Ours] 162/1000 12:37:15 bits: 64 dataset: ip102 Best mAP: 0.7447070059479218, current mAP: 0.7422454799923988
2024-12-03 12:42:23.531 | INFO     | scripts.train_CUB:train_val:53 - [Ours] 163/1000 12:42:23 bits: 64 dataset: ip102 loss way: Ours training...
2024-12-03 12:45:10.585 | INFO     | scripts.train_CUB:train_val:81 - train loss: 0.7001639465913705, center loss: 1.3799704536795616, pair loss: 492.22513008117676
2024-12-03 12:45:10.585 | INFO     | scripts.train_CUB:train_val:53 - [Ours] 164/1000 12:45:10 bits: 64 dataset: ip102 loss way: Ours training...
2024-12-03 12:47:57.499 | INFO     | scripts.train_CUB:train_val:81 - train loss: 0.6998922495131797, center loss: 1.3512854827567935, pair loss: 492.0622927546501
2024-12-03 12:47:57.499 | INFO     | scripts.train_CUB:train_val:53 - [Ours] 165/1000 12:47:57 bits: 64 dataset: ip102 loss way: Ours training...
2024-12-03 12:50:44.531 | INFO     | scripts.train_CUB:train_val:81 - train loss: 0.7000736562918264, center loss: 1.3839576393947937, pair loss: 492.15748673677444
2024-12-03 12:53:05.866 | INFO     | scripts.train_CUB:train_val:107 - [Ours] 165/1000 12:47:57 bits: 64 dataset: ip102 Best mAP: 0.7447070059479218, current mAP: 0.7408897727398519
2024-12-03 12:53:05.866 | INFO     | scripts.train_CUB:train_val:53 - [Ours] 166/1000 12:53:05 bits: 64 dataset: ip102 loss way: Ours training...
2024-12-03 12:55:53.146 | INFO     | scripts.train_CUB:train_val:81 - train loss: 0.6997477436742039, center loss: 1.3116789208725095, pair loss: 492.00008314847946
2024-12-03 12:55:53.147 | INFO     | scripts.train_CUB:train_val:53 - [Ours] 167/1000 12:55:53 bits: 64 dataset: ip102 loss way: Ours training...
2024-12-03 12:58:40.057 | INFO     | scripts.train_CUB:train_val:81 - train loss: 0.6998107865347084, center loss: 1.3349309100885876, pair loss: 492.0213277935982
2024-12-03 12:58:40.057 | INFO     | scripts.train_CUB:train_val:53 - [Ours] 168/1000 12:58:40 bits: 64 dataset: ip102 loss way: Ours training...
2024-12-03 13:01:26.986 | INFO     | scripts.train_CUB:train_val:81 - train loss: 0.6998131097631252, center loss: 1.3309680275269784, pair loss: 492.0269047021866
2024-12-03 13:03:47.929 | INFO     | scripts.train_CUB:train_val:107 - [Ours] 168/1000 12:58:40 bits: 64 dataset: ip102 Best mAP: 0.7447070059479218, current mAP: 0.7373688125873428
2024-12-03 13:03:47.929 | INFO     | scripts.train_CUB:train_val:53 - [Ours] 169/1000 13:03:47 bits: 64 dataset: ip102 loss way: Ours training...
2024-12-03 13:06:34.825 | INFO     | scripts.train_CUB:train_val:81 - train loss: 0.6997955914084792, center loss: 1.3147115722531453, pair loss: 492.0308446884155
2024-12-03 13:06:34.825 | INFO     | scripts.train_CUB:train_val:53 - [Ours] 170/1000 13:06:34 bits: 64 dataset: ip102 loss way: Ours training...
2024-12-03 13:09:21.912 | INFO     | scripts.train_CUB:train_val:81 - train loss: 0.7000436880064349, center loss: 1.3387253314140253, pair loss: 492.1817048192024
2024-12-03 13:09:21.913 | INFO     | scripts.train_CUB:train_val:53 - [Ours] 171/1000 13:09:21 bits: 64 dataset: ip102 loss way: Ours training...
2024-12-03 13:12:08.895 | INFO     | scripts.train_CUB:train_val:81 - train loss: 0.6996780819926701, center loss: 1.263881325314287, pair loss: 491.9989461302757
2024-12-03 13:14:29.846 | INFO     | scripts.train_CUB:train_val:107 - [Ours] 171/1000 13:09:21 bits: 64 dataset: ip102 Best mAP: 0.7447070059479218, current mAP: 0.7423621145788292
2024-12-03 13:14:29.846 | INFO     | scripts.train_CUB:train_val:53 - [Ours] 172/1000 13:14:29 bits: 64 dataset: ip102 loss way: Ours training...
2024-12-03 13:17:16.747 | INFO     | scripts.train_CUB:train_val:81 - train loss: 0.6995702267538572, center loss: 1.2940832547610626, pair loss: 491.892746090889
2024-12-03 13:17:16.748 | INFO     | scripts.train_CUB:train_val:53 - [Ours] 173/1000 13:17:16 bits: 64 dataset: ip102 loss way: Ours training...
2024-12-03 13:20:03.729 | INFO     | scripts.train_CUB:train_val:81 - train loss: 0.6995733326208506, center loss: 1.3098562367958948, pair loss: 491.87917482852936
2024-12-03 13:20:03.729 | INFO     | scripts.train_CUB:train_val:53 - [Ours] 174/1000 13:20:03 bits: 64 dataset: ip102 loss way: Ours training...
2024-12-03 13:22:50.850 | INFO     | scripts.train_CUB:train_val:81 - train loss: 0.6997220263413504, center loss: 1.3109066065517254, pair loss: 491.9829638004303
2024-12-03 13:25:11.903 | INFO     | scripts.train_CUB:train_val:107 - [Ours] 174/1000 13:20:03 bits: 64 dataset: ip102 Best mAP: 0.7447070059479218, current mAP: 0.7375329878184077
2024-12-03 13:25:11.903 | INFO     | scripts.train_CUB:train_val:53 - [Ours] 175/1000 13:25:11 bits: 64 dataset: ip102 loss way: Ours training...
2024-12-03 13:27:58.941 | INFO     | scripts.train_CUB:train_val:81 - train loss: 0.6995754548843871, center loss: 1.2908273437642492, pair loss: 491.8997659087181
2024-12-03 13:27:58.941 | INFO     | scripts.train_CUB:train_val:53 - [Ours] 176/1000 13:27:58 bits: 64 dataset: ip102 loss way: Ours training...
2024-12-03 13:30:46.081 | INFO     | scripts.train_CUB:train_val:81 - train loss: 0.6995698857814707, center loss: 1.2946799644851126, pair loss: 491.89195972681046
2024-12-03 13:30:46.081 | INFO     | scripts.train_CUB:train_val:53 - [Ours] 177/1000 13:30:46 bits: 64 dataset: ip102 loss way: Ours training...
2024-12-03 13:33:33.035 | INFO     | scripts.train_CUB:train_val:81 - train loss: 0.6996001677310213, center loss: 1.2705765271093696, pair loss: 491.93740016222
2024-12-03 13:35:53.617 | INFO     | scripts.train_CUB:train_val:107 - [Ours] 177/1000 13:30:46 bits: 64 dataset: ip102 Best mAP: 0.7447070059479218, current mAP: 0.738399395029854
2024-12-03 13:35:53.617 | INFO     | scripts.train_CUB:train_val:53 - [Ours] 178/1000 13:35:53 bits: 64 dataset: ip102 loss way: Ours training...
2024-12-03 13:38:40.589 | INFO     | scripts.train_CUB:train_val:81 - train loss: 0.6995720750896643, center loss: 1.2660560145741329, pair loss: 491.9221068620682
2024-12-03 13:38:40.589 | INFO     | scripts.train_CUB:train_val:53 - [Ours] 179/1000 13:38:40 bits: 64 dataset: ip102 loss way: Ours training...
2024-12-03 13:41:27.687 | INFO     | scripts.train_CUB:train_val:81 - train loss: 0.6994701948571712, center loss: 1.252811087470036, pair loss: 491.86358523368835
2024-12-03 13:41:27.687 | INFO     | scripts.train_CUB:train_val:53 - [Ours] 180/1000 13:41:27 bits: 64 dataset: ip102 loss way: Ours training...
2024-12-03 13:44:14.653 | INFO     | scripts.train_CUB:train_val:81 - train loss: 0.6995920516920427, center loss: 1.2853254512883723, pair loss: 491.9170253276825
2024-12-03 13:46:35.197 | INFO     | scripts.train_CUB:train_val:107 - [Ours] 180/1000 13:41:27 bits: 64 dataset: ip102 Best mAP: 0.7447070059479218, current mAP: 0.7404772069644288
2024-12-03 13:46:35.197 | INFO     | scripts.train_CUB:train_val:53 - [Ours] 181/1000 13:46:35 bits: 64 dataset: ip102 loss way: Ours training...
2024-12-03 13:49:22.281 | INFO     | scripts.train_CUB:train_val:81 - train loss: 0.6994960466175215, center loss: 1.2587417360628024, pair loss: 491.87592858076096
2024-12-03 13:49:22.281 | INFO     | scripts.train_CUB:train_val:53 - [Ours] 182/1000 13:49:22 bits: 64 dataset: ip102 loss way: Ours training...
2024-12-03 13:52:09.267 | INFO     | scripts.train_CUB:train_val:81 - train loss: 0.6993725500208267, center loss: 1.2488317107199691, pair loss: 491.79883605241776
2024-12-03 13:52:09.267 | INFO     | scripts.train_CUB:train_val:53 - [Ours] 183/1000 13:52:09 bits: 64 dataset: ip102 loss way: Ours training...
2024-12-03 13:54:56.439 | INFO     | scripts.train_CUB:train_val:81 - train loss: 0.6997337958491441, center loss: 1.3170336805051193, pair loss: 491.98520535230637
2024-12-03 13:57:17.081 | INFO     | scripts.train_CUB:train_val:107 - [Ours] 183/1000 13:52:09 bits: 64 dataset: ip102 Best mAP: 0.7447070059479218, current mAP: 0.7399295872430803
2024-12-03 13:57:17.082 | INFO     | scripts.train_CUB:train_val:53 - [Ours] 184/1000 13:57:17 bits: 64 dataset: ip102 loss way: Ours training...
2024-12-03 14:00:04.122 | INFO     | scripts.train_CUB:train_val:81 - train loss: 0.6995335046281206, center loss: 1.2469895533868112, pair loss: 491.91411489248276
2024-12-03 14:00:04.123 | INFO     | scripts.train_CUB:train_val:53 - [Ours] 185/1000 14:00:04 bits: 64 dataset: ip102 loss way: Ours training...
2024-12-03 14:02:51.103 | INFO     | scripts.train_CUB:train_val:81 - train loss: 0.6993494369459491, center loss: 1.235819137247745, pair loss: 491.7955784201622
2024-12-03 14:02:51.103 | INFO     | scripts.train_CUB:train_val:53 - [Ours] 186/1000 14:02:51 bits: 64 dataset: ip102 loss way: Ours training...
2024-12-03 14:05:38.034 | INFO     | scripts.train_CUB:train_val:81 - train loss: 0.6994566525973327, center loss: 1.2580353220109828, pair loss: 491.84889352321625
2024-12-03 14:07:58.464 | INFO     | scripts.train_CUB:train_val:107 - [Ours] 186/1000 14:02:51 bits: 64 dataset: ip102 Best mAP: 0.7447070059479218, current mAP: 0.7402985041593304
2024-12-03 14:07:58.465 | INFO     | scripts.train_CUB:train_val:53 - [Ours] 187/1000 14:07:58 bits: 64 dataset: ip102 loss way: Ours training...
2024-12-03 14:10:45.267 | INFO     | scripts.train_CUB:train_val:81 - train loss: 0.6993394330038246, center loss: 1.221767658716999, pair loss: 491.80259627103806
2024-12-03 14:10:45.268 | INFO     | scripts.train_CUB:train_val:53 - [Ours] 188/1000 14:10:45 bits: 64 dataset: ip102 loss way: Ours training...
2024-12-03 14:13:32.399 | INFO     | scripts.train_CUB:train_val:81 - train loss: 0.6992696348656999, center loss: 1.2341674070921727, pair loss: 491.7409877181053
2024-12-03 14:13:32.399 | INFO     | scripts.train_CUB:train_val:53 - [Ours] 189/1000 14:13:32 bits: 64 dataset: ip102 loss way: Ours training...
2024-12-03 14:16:19.350 | INFO     | scripts.train_CUB:train_val:81 - train loss: 0.6993095468967518, center loss: 1.2471619060379453, pair loss: 491.75611674785614
2024-12-03 14:18:39.789 | INFO     | scripts.train_CUB:train_val:107 - [Ours] 189/1000 14:13:32 bits: 64 dataset: ip102 Best mAP: 0.7447070059479218, current mAP: 0.7403898194383008
2024-12-03 14:18:39.789 | INFO     | scripts.train_CUB:train_val:53 - [Ours] 190/1000 14:18:39 bits: 64 dataset: ip102 loss way: Ours training...
2024-12-03 14:21:26.678 | INFO     | scripts.train_CUB:train_val:81 - train loss: 0.6992245361314597, center loss: 1.2147690376732498, pair loss: 491.72863632440567
2024-12-03 14:21:26.678 | INFO     | scripts.train_CUB:train_val:53 - [Ours] 191/1000 14:21:26 bits: 64 dataset: ip102 loss way: Ours training...
2024-12-03 14:24:13.689 | INFO     | scripts.train_CUB:train_val:81 - train loss: 0.6990454405757552, center loss: 1.1866886060452089, pair loss: 491.6305207014084
2024-12-03 14:24:13.689 | INFO     | scripts.train_CUB:train_val:53 - [Ours] 192/1000 14:24:13 bits: 64 dataset: ip102 loss way: Ours training...
2024-12-03 14:27:00.520 | INFO     | scripts.train_CUB:train_val:81 - train loss: 0.6992075352804035, center loss: 1.2296360735199414, pair loss: 491.70180064439774
2024-12-03 14:29:22.762 | INFO     | scripts.train_CUB:train_val:107 - [Ours] 192/1000 14:24:13 bits: 64 dataset: ip102 Best mAP: 0.7447070059479218, current mAP: 0.7308553460014379
2024-12-03 14:29:22.762 | INFO     | scripts.train_CUB:train_val:53 - [Ours] 193/1000 14:29:22 bits: 64 dataset: ip102 loss way: Ours training...
2024-12-03 14:32:09.780 | INFO     | scripts.train_CUB:train_val:81 - train loss: 0.6991730829502674, center loss: 1.209601871902123, pair loss: 491.69759052991867
2024-12-03 14:32:09.781 | INFO     | scripts.train_CUB:train_val:53 - [Ours] 194/1000 14:32:09 bits: 64 dataset: ip102 loss way: Ours training...
2024-12-03 14:34:56.825 | INFO     | scripts.train_CUB:train_val:81 - train loss: 0.6992132404171829, center loss: 1.199517909961287, pair loss: 491.735967874527
2024-12-03 14:34:56.825 | INFO     | scripts.train_CUB:train_val:53 - [Ours] 195/1000 14:34:56 bits: 64 dataset: ip102 loss way: Ours training...
2024-12-03 14:37:43.842 | INFO     | scripts.train_CUB:train_val:81 - train loss: 0.6990800641952677, center loss: 1.1885354501428083, pair loss: 491.6531654596329
2024-12-03 14:40:03.872 | INFO     | scripts.train_CUB:train_val:107 - [Ours] 195/1000 14:34:56 bits: 64 dataset: ip102 Best mAP: 0.7447070059479218, current mAP: 0.7382831855414029
2024-12-03 14:40:03.873 | INFO     | scripts.train_CUB:train_val:53 - [Ours] 196/1000 14:40:03 bits: 64 dataset: ip102 loss way: Ours training...
2024-12-03 14:42:51.182 | INFO     | scripts.train_CUB:train_val:81 - train loss: 0.6989175290926128, center loss: 1.1639901029411703, pair loss: 491.5630866289139
2024-12-03 14:42:51.183 | INFO     | scripts.train_CUB:train_val:53 - [Ours] 197/1000 14:42:51 bits: 64 dataset: ip102 loss way: Ours training...
2024-12-03 14:45:38.400 | INFO     | scripts.train_CUB:train_val:81 - train loss: 0.699050661012636, center loss: 1.185560726269614, pair loss: 491.6353569626808
2024-12-03 14:45:38.401 | INFO     | scripts.train_CUB:train_val:53 - [Ours] 198/1000 14:45:38 bits: 64 dataset: ip102 loss way: Ours training...
2024-12-03 14:48:25.148 | INFO     | scripts.train_CUB:train_val:81 - train loss: 0.6989866495132446, center loss: 1.1798959940788336, pair loss: 491.59593576192856
2024-12-03 14:50:45.066 | INFO     | scripts.train_CUB:train_val:107 - [Ours] 198/1000 14:45:38 bits: 64 dataset: ip102 Best mAP: 0.7447070059479218, current mAP: 0.7403567468155616
2024-12-03 14:50:45.066 | INFO     | scripts.train_CUB:train_val:53 - [Ours] 199/1000 14:50:45 bits: 64 dataset: ip102 loss way: Ours training...
2024-12-03 14:53:32.039 | INFO     | scripts.train_CUB:train_val:81 - train loss: 0.6989498849456192, center loss: 1.1581136789172888, pair loss: 491.5918325185776
2024-12-03 14:53:32.039 | INFO     | scripts.train_CUB:train_val:53 - [Ours] 200/1000 14:53:32 bits: 64 dataset: ip102 loss way: Ours training...
2024-12-03 14:56:19.004 | INFO     | scripts.train_CUB:train_val:81 - train loss: 0.6988931773402167, center loss: 1.174497470317874, pair loss: 491.5355453491211
2024-12-03 14:56:19.004 | INFO     | scripts.train_CUB:train_val:53 - [Ours] 201/1000 14:56:19 bits: 64 dataset: ip102 loss way: Ours training...
2024-12-03 14:59:05.982 | INFO     | scripts.train_CUB:train_val:81 - train loss: 0.6989138600674082, center loss: 1.1664819676661864, pair loss: 491.55813950300217
2024-12-03 15:01:26.033 | INFO     | scripts.train_CUB:train_val:107 - [Ours] 201/1000 14:56:19 bits: 64 dataset: ip102 Best mAP: 0.7447070059479218, current mAP: 0.7386911368571641
2024-12-03 15:01:26.033 | INFO     | scripts.train_CUB:train_val:53 - [Ours] 202/1000 15:01:26 bits: 64 dataset: ip102 loss way: Ours training...
2024-12-03 15:04:12.979 | INFO     | scripts.train_CUB:train_val:81 - train loss: 0.6989538432013058, center loss: 1.166579595184885, pair loss: 491.5862145423889
2024-12-03 15:04:12.980 | INFO     | scripts.train_CUB:train_val:53 - [Ours] 203/1000 15:04:12 bits: 64 dataset: ip102 loss way: Ours training...
2024-12-03 15:07:00.155 | INFO     | scripts.train_CUB:train_val:81 - train loss: 0.6988881935464575, center loss: 1.1619579275720753, pair loss: 491.54457330703735
2024-12-03 15:07:00.155 | INFO     | scripts.train_CUB:train_val:53 - [Ours] 204/1000 15:07:00 bits: 64 dataset: ip102 loss way: Ours training...
2024-12-03 15:09:47.164 | INFO     | scripts.train_CUB:train_val:81 - train loss: 0.6988281676955257, center loss: 1.1556954205152579, pair loss: 491.5085710287094
2024-12-03 15:12:07.378 | INFO     | scripts.train_CUB:train_val:107 - [Ours] 204/1000 15:07:00 bits: 64 dataset: ip102 Best mAP: 0.7447070059479218, current mAP: 0.7396595969234588
2024-12-03 15:12:07.378 | INFO     | scripts.train_CUB:train_val:53 - [Ours] 205/1000 15:12:07 bits: 64 dataset: ip102 loss way: Ours training...
2024-12-03 15:14:54.244 | INFO     | scripts.train_CUB:train_val:81 - train loss: 0.6989246986436506, center loss: 1.1726375971338712, pair loss: 491.55958020687103
2024-12-03 15:14:54.244 | INFO     | scripts.train_CUB:train_val:53 - [Ours] 206/1000 15:14:54 bits: 64 dataset: ip102 loss way: Ours training...
2024-12-03 15:17:41.205 | INFO     | scripts.train_CUB:train_val:81 - train loss: 0.6988662431426083, center loss: 1.1474520658375695, pair loss: 491.54365730285645
2024-12-03 15:17:41.205 | INFO     | scripts.train_CUB:train_val:53 - [Ours] 207/1000 15:17:41 bits: 64 dataset: ip102 loss way: Ours training...
2024-12-03 15:20:28.168 | INFO     | scripts.train_CUB:train_val:81 - train loss: 0.6988817612330119, center loss: 1.1551126543199643, pair loss: 491.546911239624
2024-12-03 15:22:48.431 | INFO     | scripts.train_CUB:train_val:107 - [Ours] 207/1000 15:17:41 bits: 64 dataset: ip102 Best mAP: 0.7447070059479218, current mAP: 0.7388143810543955
2024-12-03 15:22:48.431 | INFO     | scripts.train_CUB:train_val:53 - [Ours] 208/1000 15:22:48 bits: 64 dataset: ip102 loss way: Ours training...
2024-12-03 15:25:35.505 | INFO     | scripts.train_CUB:train_val:81 - train loss: 0.69899224972894, center loss: 1.1645511686219834, pair loss: 491.61533612012863
2024-12-03 15:25:35.505 | INFO     | scripts.train_CUB:train_val:53 - [Ours] 209/1000 15:25:35 bits: 64 dataset: ip102 loss way: Ours training...
2024-12-03 15:28:22.537 | INFO     | scripts.train_CUB:train_val:81 - train loss: 0.6988971905505403, center loss: 1.1647348542464897, pair loss: 491.54819655418396
2024-12-03 15:28:22.538 | INFO     | scripts.train_CUB:train_val:53 - [Ours] 210/1000 15:28:22 bits: 64 dataset: ip102 loss way: Ours training...
2024-12-03 15:31:09.582 | INFO     | scripts.train_CUB:train_val:81 - train loss: 0.6987403826510653, center loss: 1.1160874928464182, pair loss: 491.4862879514694
2024-12-03 15:33:29.674 | INFO     | scripts.train_CUB:train_val:107 - [Ours] 210/1000 15:28:22 bits: 64 dataset: ip102 Best mAP: 0.7447070059479218, current mAP: 0.7386791481467256
2024-12-03 15:33:29.675 | INFO     | scripts.train_CUB:train_val:53 - [Ours] 211/1000 15:33:29 bits: 64 dataset: ip102 loss way: Ours training...
2024-12-03 15:36:16.693 | INFO     | scripts.train_CUB:train_val:81 - train loss: 0.698679328725693, center loss: 1.1106442758464254, pair loss: 491.44875133037567
2024-12-03 15:36:16.693 | INFO     | scripts.train_CUB:train_val:53 - [Ours] 212/1000 15:36:16 bits: 64 dataset: ip102 loss way: Ours training...
2024-12-03 15:39:03.598 | INFO     | scripts.train_CUB:train_val:81 - train loss: 0.6987619248687799, center loss: 1.1332631269469857, pair loss: 491.48433369398117
2024-12-03 15:39:03.599 | INFO     | scripts.train_CUB:train_val:53 - [Ours] 213/1000 15:39:03 bits: 64 dataset: ip102 loss way: Ours training...
2024-12-03 15:41:56.163 | INFO     | scripts.train_CUB:train_val:81 - train loss: 0.6986123374167909, center loss: 1.1110046498361044, pair loss: 491.4012253880501
2024-12-03 15:44:35.208 | INFO     | scripts.train_CUB:train_val:107 - [Ours] 213/1000 15:39:03 bits: 64 dataset: ip102 Best mAP: 0.7447070059479218, current mAP: 0.736254205401062
2024-12-03 15:44:35.208 | INFO     | scripts.train_CUB:train_val:53 - [Ours] 214/1000 15:44:35 bits: 64 dataset: ip102 loss way: Ours training...
2024-12-03 15:47:57.443 | INFO     | scripts.train_CUB:train_val:81 - train loss: 0.6986405522265333, center loss: 1.1111829720321111, pair loss: 491.42089009284973
2024-12-03 15:47:57.443 | INFO     | scripts.train_CUB:train_val:53 - [Ours] 215/1000 15:47:57 bits: 64 dataset: ip102 loss way: Ours training...
2024-12-03 15:51:17.058 | INFO     | scripts.train_CUB:train_val:81 - train loss: 0.6986096104831561, center loss: 1.1127560161985457, pair loss: 491.39755260944366
2024-12-03 15:51:17.059 | INFO     | scripts.train_CUB:train_val:53 - [Ours] 216/1000 15:51:17 bits: 64 dataset: ip102 loss way: Ours training...
2024-12-03 15:54:35.928 | INFO     | scripts.train_CUB:train_val:81 - train loss: 0.6986383270710073, center loss: 1.1193596590310335, pair loss: 491.4112466573715
2024-12-03 15:57:14.650 | INFO     | scripts.train_CUB:train_val:100 - valid mAP: 0.7447070059479218
